CRITICAL - 2025-02-03 06:09:41 --> ErrorException: preg_match(): Allocation of JIT memory failed, PCRE JIT will be disabled. This is likely caused by security restrictions. Either grant PHP permission to allocate executable memory, or set pcre.jit=0
[Method: GET, Route: admin]
in SYSTEMPATH\Router\Router.php on line 434.
 1 [internal function]: CodeIgniter\Debug\Exceptions->errorHandler(2, 'preg_match(): Allocation of JIT memory failed, PCRE JIT will be disabled. This is likely caused by security restrictions. Either grant PHP permission to allocate executable memory, or set pcre.jit=0', 'E:\\xamp\\htdocs\\codigneter4\\system\\Router\\Router.php', 434)
 2 SYSTEMPATH\Router\Router.php(434): preg_match('#^App\\Controllers\\admin_con$#u', 'admin', [])
 3 SYSTEMPATH\Router\Router.php(213): CodeIgniter\Router\Router->checkRoutes('admin')
 4 SYSTEMPATH\CodeIgniter.php(832): CodeIgniter\Router\Router->handle('admin')
 5 SYSTEMPATH\CodeIgniter.php(455): CodeIgniter\CodeIgniter->tryToRouteIt(Object(CodeIgniter\Router\RouteCollection))
 6 SYSTEMPATH\CodeIgniter.php(354): CodeIgniter\CodeIgniter->handleRequest(null, Object(Config\Cache), false)
 7 SYSTEMPATH\Boot.php(334): CodeIgniter\CodeIgniter->run()
 8 SYSTEMPATH\Boot.php(67): CodeIgniter\Boot::runCodeIgniter(Object(CodeIgniter\CodeIgniter))
 9 FCPATH\index.php(56): CodeIgniter\Boot::bootWeb(Object(Config\Paths))
CRITICAL - 2025-02-03 06:10:00 --> ErrorException: preg_match(): Allocation of JIT memory failed, PCRE JIT will be disabled. This is likely caused by security restrictions. Either grant PHP permission to allocate executable memory, or set pcre.jit=0
[Method: GET, Route: admin]
in SYSTEMPATH\Router\Router.php on line 434.
 1 [internal function]: CodeIgniter\Debug\Exceptions->errorHandler(2, 'preg_match(): Allocation of JIT memory failed, PCRE JIT will be disabled. This is likely caused by security restrictions. Either grant PHP permission to allocate executable memory, or set pcre.jit=0', 'E:\\xamp\\htdocs\\codigneter4\\system\\Router\\Router.php', 434)
 2 SYSTEMPATH\Router\Router.php(434): preg_match('#^App\\Controllers\\admin_con$#u', 'admin', [])
 3 SYSTEMPATH\Router\Router.php(213): CodeIgniter\Router\Router->checkRoutes('admin')
 4 SYSTEMPATH\CodeIgniter.php(832): CodeIgniter\Router\Router->handle('admin')
 5 SYSTEMPATH\CodeIgniter.php(455): CodeIgniter\CodeIgniter->tryToRouteIt(Object(CodeIgniter\Router\RouteCollection))
 6 SYSTEMPATH\CodeIgniter.php(354): CodeIgniter\CodeIgniter->handleRequest(null, Object(Config\Cache), false)
 7 SYSTEMPATH\Boot.php(334): CodeIgniter\CodeIgniter->run()
 8 SYSTEMPATH\Boot.php(67): CodeIgniter\Boot::runCodeIgniter(Object(CodeIgniter\CodeIgniter))
 9 FCPATH\index.php(56): CodeIgniter\Boot::bootWeb(Object(Config\Paths))
CRITICAL - 2025-02-03 06:16:21 --> Error: Undefined constant "website_name"
[Method: GET, Route: admin]
in APPPATH\Views\admin\login.php on line 6.
 1 SYSTEMPATH\View\View.php(224): include()
 2 SYSTEMPATH\View\View.php(227): CodeIgniter\View\View->CodeIgniter\View\{closure}()
 3 SYSTEMPATH\Common.php(1173): CodeIgniter\View\View->render('admin/login', [], true)
 4 APPPATH\Controllers\admin_con\AdminController.php(10): view('admin/login')
 5 SYSTEMPATH\CodeIgniter.php(933): App\Controllers\admin_con\AdminController->index()
 6 SYSTEMPATH\CodeIgniter.php(507): CodeIgniter\CodeIgniter->runController(Object(App\Controllers\admin_con\AdminController))
 7 SYSTEMPATH\CodeIgniter.php(354): CodeIgniter\CodeIgniter->handleRequest(null, Object(Config\Cache), false)
 8 SYSTEMPATH\Boot.php(334): CodeIgniter\CodeIgniter->run()
 9 SYSTEMPATH\Boot.php(67): CodeIgniter\Boot::runCodeIgniter(Object(CodeIgniter\CodeIgniter))
10 FCPATH\index.php(56): CodeIgniter\Boot::bootWeb(Object(Config\Paths))
CRITICAL - 2025-02-03 06:16:55 --> Error: Undefined constant "APP_NAME"
[Method: GET, Route: admin]
in APPPATH\Views\admin\login.php on line 6.
 1 SYSTEMPATH\View\View.php(224): include()
 2 SYSTEMPATH\View\View.php(227): CodeIgniter\View\View->CodeIgniter\View\{closure}()
 3 SYSTEMPATH\Common.php(1173): CodeIgniter\View\View->render('admin/login', [], true)
 4 APPPATH\Controllers\admin_con\AdminController.php(10): view('admin/login')
 5 SYSTEMPATH\CodeIgniter.php(933): App\Controllers\admin_con\AdminController->index()
 6 SYSTEMPATH\CodeIgniter.php(507): CodeIgniter\CodeIgniter->runController(Object(App\Controllers\admin_con\AdminController))
 7 SYSTEMPATH\CodeIgniter.php(354): CodeIgniter\CodeIgniter->handleRequest(null, Object(Config\Cache), false)
 8 SYSTEMPATH\Boot.php(334): CodeIgniter\CodeIgniter->run()
 9 SYSTEMPATH\Boot.php(67): CodeIgniter\Boot::runCodeIgniter(Object(CodeIgniter\CodeIgniter))
10 FCPATH\index.php(56): CodeIgniter\Boot::bootWeb(Object(Config\Paths))
CRITICAL - 2025-02-03 06:17:48 --> ErrorException: Undefined property: CodeIgniter\View\View::$crud
[Method: GET, Route: admin]
in APPPATH\Views\admin\include\allcss.php on line 2.
 1 APPPATH\Views\admin\include\allcss.php(2): CodeIgniter\Debug\Exceptions->errorHandler(2, 'Undefined property: CodeIgniter\\View\\View::$crud', 'E:\\xamp\\htdocs\\codigneter4\\app\\Views\\admin\\include\\allcss.php', 2)
 2 SYSTEMPATH\View\View.php(224): include('E:\\xamp\\htdocs\\codigneter4\\app\\Views\\admin\\include\\allcss.php')
 3 SYSTEMPATH\View\View.php(227): CodeIgniter\View\View->CodeIgniter\View\{closure}()
 4 SYSTEMPATH\Common.php(1173): CodeIgniter\View\View->render('admin/include/allcss', [], true)
 5 APPPATH\Views\admin\login.php(7): view('admin/include/allcss')
 6 SYSTEMPATH\View\View.php(224): include('E:\\xamp\\htdocs\\codigneter4\\app\\Views\\admin\\login.php')
 7 SYSTEMPATH\View\View.php(227): CodeIgniter\View\View->CodeIgniter\View\{closure}()
 8 SYSTEMPATH\Common.php(1173): CodeIgniter\View\View->render('admin/login', [], true)
 9 APPPATH\Controllers\admin_con\AdminController.php(10): view('admin/login')
10 SYSTEMPATH\CodeIgniter.php(933): App\Controllers\admin_con\AdminController->index()
11 SYSTEMPATH\CodeIgniter.php(507): CodeIgniter\CodeIgniter->runController(Object(App\Controllers\admin_con\AdminController))
12 SYSTEMPATH\CodeIgniter.php(354): CodeIgniter\CodeIgniter->handleRequest(null, Object(Config\Cache), false)
13 SYSTEMPATH\Boot.php(334): CodeIgniter\CodeIgniter->run()
14 SYSTEMPATH\Boot.php(67): CodeIgniter\Boot::runCodeIgniter(Object(CodeIgniter\CodeIgniter))
15 FCPATH\index.php(56): CodeIgniter\Boot::bootWeb(Object(Config\Paths))
CRITICAL - 2025-02-03 06:17:59 --> ErrorException: Undefined property: CodeIgniter\View\View::$crud
[Method: GET, Route: admin]
in APPPATH\Views\admin\include\allcss.php on line 2.
 1 APPPATH\Views\admin\include\allcss.php(2): CodeIgniter\Debug\Exceptions->errorHandler(2, 'Undefined property: CodeIgniter\\View\\View::$crud', 'E:\\xamp\\htdocs\\codigneter4\\app\\Views\\admin\\include\\allcss.php', 2)
 2 SYSTEMPATH\View\View.php(224): include('E:\\xamp\\htdocs\\codigneter4\\app\\Views\\admin\\include\\allcss.php')
 3 SYSTEMPATH\View\View.php(227): CodeIgniter\View\View->CodeIgniter\View\{closure}()
 4 SYSTEMPATH\Common.php(1173): CodeIgniter\View\View->render('admin/include/allcss', [], true)
 5 APPPATH\Views\admin\login.php(3): view('admin/include/allcss')
 6 SYSTEMPATH\View\View.php(224): include('E:\\xamp\\htdocs\\codigneter4\\app\\Views\\admin\\login.php')
 7 SYSTEMPATH\View\View.php(227): CodeIgniter\View\View->CodeIgniter\View\{closure}()
 8 SYSTEMPATH\Common.php(1173): CodeIgniter\View\View->render('admin/login', [], true)
 9 APPPATH\Controllers\admin_con\AdminController.php(10): view('admin/login')
10 SYSTEMPATH\CodeIgniter.php(933): App\Controllers\admin_con\AdminController->index()
11 SYSTEMPATH\CodeIgniter.php(507): CodeIgniter\CodeIgniter->runController(Object(App\Controllers\admin_con\AdminController))
12 SYSTEMPATH\CodeIgniter.php(354): CodeIgniter\CodeIgniter->handleRequest(null, Object(Config\Cache), false)
13 SYSTEMPATH\Boot.php(334): CodeIgniter\CodeIgniter->run()
14 SYSTEMPATH\Boot.php(67): CodeIgniter\Boot::runCodeIgniter(Object(CodeIgniter\CodeIgniter))
15 FCPATH\index.php(56): CodeIgniter\Boot::bootWeb(Object(Config\Paths))
CRITICAL - 2025-02-03 06:19:00 --> ErrorException: Undefined property: CodeIgniter\View\View::$crud
[Method: GET, Route: admin]
in APPPATH\Views\admin\include\allcss.php on line 2.
 1 APPPATH\Views\admin\include\allcss.php(2): CodeIgniter\Debug\Exceptions->errorHandler(2, 'Undefined property: CodeIgniter\\View\\View::$crud', 'E:\\xamp\\htdocs\\codigneter4\\app\\Views\\admin\\include\\allcss.php', 2)
 2 SYSTEMPATH\View\View.php(224): include('E:\\xamp\\htdocs\\codigneter4\\app\\Views\\admin\\include\\allcss.php')
 3 SYSTEMPATH\View\View.php(227): CodeIgniter\View\View->CodeIgniter\View\{closure}()
 4 SYSTEMPATH\Common.php(1173): CodeIgniter\View\View->render('admin/include/allcss', [], true)
 5 APPPATH\Views\admin\login.php(7): view('admin/include/allcss')
 6 SYSTEMPATH\View\View.php(224): include('E:\\xamp\\htdocs\\codigneter4\\app\\Views\\admin\\login.php')
 7 SYSTEMPATH\View\View.php(227): CodeIgniter\View\View->CodeIgniter\View\{closure}()
 8 SYSTEMPATH\Common.php(1173): CodeIgniter\View\View->render('admin/login', [], true)
 9 APPPATH\Controllers\admin_con\AdminController.php(10): view('admin/login')
10 SYSTEMPATH\CodeIgniter.php(933): App\Controllers\admin_con\AdminController->index()
11 SYSTEMPATH\CodeIgniter.php(507): CodeIgniter\CodeIgniter->runController(Object(App\Controllers\admin_con\AdminController))
12 SYSTEMPATH\CodeIgniter.php(354): CodeIgniter\CodeIgniter->handleRequest(null, Object(Config\Cache), false)
13 SYSTEMPATH\Boot.php(334): CodeIgniter\CodeIgniter->run()
14 SYSTEMPATH\Boot.php(67): CodeIgniter\Boot::runCodeIgniter(Object(CodeIgniter\CodeIgniter))
15 FCPATH\index.php(56): CodeIgniter\Boot::bootWeb(Object(Config\Paths))
CRITICAL - 2025-02-03 06:19:25 --> ErrorException: Undefined property: CodeIgniter\View\View::$crud
[Method: GET, Route: admin]
in APPPATH\Views\admin\include\allcss.php on line 2.
 1 APPPATH\Views\admin\include\allcss.php(2): CodeIgniter\Debug\Exceptions->errorHandler(2, 'Undefined property: CodeIgniter\\View\\View::$crud', 'E:\\xamp\\htdocs\\codigneter4\\app\\Views\\admin\\include\\allcss.php', 2)
 2 SYSTEMPATH\View\View.php(224): include('E:\\xamp\\htdocs\\codigneter4\\app\\Views\\admin\\include\\allcss.php')
 3 SYSTEMPATH\View\View.php(227): CodeIgniter\View\View->CodeIgniter\View\{closure}()
 4 SYSTEMPATH\Common.php(1173): CodeIgniter\View\View->render('admin/include/allcss', [], true)
 5 APPPATH\Views\admin\login.php(7): view('admin/include/allcss')
 6 SYSTEMPATH\View\View.php(224): include('E:\\xamp\\htdocs\\codigneter4\\app\\Views\\admin\\login.php')
 7 SYSTEMPATH\View\View.php(227): CodeIgniter\View\View->CodeIgniter\View\{closure}()
 8 SYSTEMPATH\Common.php(1173): CodeIgniter\View\View->render('admin/login', [], true)
 9 APPPATH\Controllers\admin_con\AdminController.php(10): view('admin/login')
10 SYSTEMPATH\CodeIgniter.php(933): App\Controllers\admin_con\AdminController->index()
11 SYSTEMPATH\CodeIgniter.php(507): CodeIgniter\CodeIgniter->runController(Object(App\Controllers\admin_con\AdminController))
12 SYSTEMPATH\CodeIgniter.php(354): CodeIgniter\CodeIgniter->handleRequest(null, Object(Config\Cache), false)
13 SYSTEMPATH\Boot.php(334): CodeIgniter\CodeIgniter->run()
14 SYSTEMPATH\Boot.php(67): CodeIgniter\Boot::runCodeIgniter(Object(CodeIgniter\CodeIgniter))
15 FCPATH\index.php(56): CodeIgniter\Boot::bootWeb(Object(Config\Paths))
CRITICAL - 2025-02-03 06:19:31 --> ErrorException: Undefined property: CodeIgniter\View\View::$crud
[Method: GET, Route: admin]
in APPPATH\Views\admin\include\allcss.php on line 2.
 1 APPPATH\Views\admin\include\allcss.php(2): CodeIgniter\Debug\Exceptions->errorHandler(2, 'Undefined property: CodeIgniter\\View\\View::$crud', 'E:\\xamp\\htdocs\\codigneter4\\app\\Views\\admin\\include\\allcss.php', 2)
 2 SYSTEMPATH\View\View.php(224): include('E:\\xamp\\htdocs\\codigneter4\\app\\Views\\admin\\include\\allcss.php')
 3 SYSTEMPATH\View\View.php(227): CodeIgniter\View\View->CodeIgniter\View\{closure}()
 4 SYSTEMPATH\Common.php(1173): CodeIgniter\View\View->render('admin/include/allcss', [], true)
 5 APPPATH\Views\admin\login.php(7): view('admin/include/allcss')
 6 SYSTEMPATH\View\View.php(224): include('E:\\xamp\\htdocs\\codigneter4\\app\\Views\\admin\\login.php')
 7 SYSTEMPATH\View\View.php(227): CodeIgniter\View\View->CodeIgniter\View\{closure}()
 8 SYSTEMPATH\Common.php(1173): CodeIgniter\View\View->render('admin/login', [], true)
 9 APPPATH\Controllers\admin_con\AdminController.php(10): view('admin/login')
10 SYSTEMPATH\CodeIgniter.php(933): App\Controllers\admin_con\AdminController->index()
11 SYSTEMPATH\CodeIgniter.php(507): CodeIgniter\CodeIgniter->runController(Object(App\Controllers\admin_con\AdminController))
12 SYSTEMPATH\CodeIgniter.php(354): CodeIgniter\CodeIgniter->handleRequest(null, Object(Config\Cache), false)
13 SYSTEMPATH\Boot.php(334): CodeIgniter\CodeIgniter->run()
14 SYSTEMPATH\Boot.php(67): CodeIgniter\Boot::runCodeIgniter(Object(CodeIgniter\CodeIgniter))
15 FCPATH\index.php(56): CodeIgniter\Boot::bootWeb(Object(Config\Paths))
CRITICAL - 2025-02-03 06:19:41 --> ParseError: syntax error, unexpected token "<", expecting end of file
[Method: GET, Route: admin]
in APPPATH\Views\admin\login.php on line 2.
 1 SYSTEMPATH\View\View.php(227): CodeIgniter\View\View->CodeIgniter\View\{closure}()
 2 SYSTEMPATH\Common.php(1173): CodeIgniter\View\View->render('admin/login', [], true)
 3 APPPATH\Controllers\admin_con\AdminController.php(10): view('admin/login')
 4 SYSTEMPATH\CodeIgniter.php(933): App\Controllers\admin_con\AdminController->index()
 5 SYSTEMPATH\CodeIgniter.php(507): CodeIgniter\CodeIgniter->runController(Object(App\Controllers\admin_con\AdminController))
 6 SYSTEMPATH\CodeIgniter.php(354): CodeIgniter\CodeIgniter->handleRequest(null, Object(Config\Cache), false)
 7 SYSTEMPATH\Boot.php(334): CodeIgniter\CodeIgniter->run()
 8 SYSTEMPATH\Boot.php(67): CodeIgniter\Boot::runCodeIgniter(Object(CodeIgniter\CodeIgniter))
 9 FCPATH\index.php(56): CodeIgniter\Boot::bootWeb(Object(Config\Paths))
CRITICAL - 2025-02-03 06:20:31 --> ErrorException: Undefined property: CodeIgniter\View\View::$session
[Method: GET, Route: admin]
in APPPATH\Views\admin\include\allscript.php on line 16.
 1 APPPATH\Views\admin\include\allscript.php(16): CodeIgniter\Debug\Exceptions->errorHandler(2, 'Undefined property: CodeIgniter\\View\\View::$session', 'E:\\xamp\\htdocs\\codigneter4\\app\\Views\\admin\\include\\allscript.php', 16)
 2 SYSTEMPATH\View\View.php(224): include('E:\\xamp\\htdocs\\codigneter4\\app\\Views\\admin\\include\\allscript.php')
 3 SYSTEMPATH\View\View.php(227): CodeIgniter\View\View->CodeIgniter\View\{closure}()
 4 SYSTEMPATH\Common.php(1173): CodeIgniter\View\View->render('admin/include/allscript', [], true)
 5 APPPATH\Views\admin\login.php(43): view('admin/include/allscript')
 6 SYSTEMPATH\View\View.php(224): include('E:\\xamp\\htdocs\\codigneter4\\app\\Views\\admin\\login.php')
 7 SYSTEMPATH\View\View.php(227): CodeIgniter\View\View->CodeIgniter\View\{closure}()
 8 SYSTEMPATH\Common.php(1173): CodeIgniter\View\View->render('admin/login', [], true)
 9 APPPATH\Controllers\admin_con\AdminController.php(10): view('admin/login')
10 SYSTEMPATH\CodeIgniter.php(933): App\Controllers\admin_con\AdminController->index()
11 SYSTEMPATH\CodeIgniter.php(507): CodeIgniter\CodeIgniter->runController(Object(App\Controllers\admin_con\AdminController))
12 SYSTEMPATH\CodeIgniter.php(354): CodeIgniter\CodeIgniter->handleRequest(null, Object(Config\Cache), false)
13 SYSTEMPATH\Boot.php(334): CodeIgniter\CodeIgniter->run()
14 SYSTEMPATH\Boot.php(67): CodeIgniter\Boot::runCodeIgniter(Object(CodeIgniter\CodeIgniter))
15 FCPATH\index.php(56): CodeIgniter\Boot::bootWeb(Object(Config\Paths))
CRITICAL - 2025-02-03 06:25:17 --> CodeIgniter\HTTP\Exceptions\BadRequestException: The URI you submitted has disallowed characters: "sweetalert2@11.js"
[Method: GET, Route: media/admin/js/sweetalert2@11.js]
in SYSTEMPATH\Router\Router.php on line 739.
 1 SYSTEMPATH\Router\Router.php(207): CodeIgniter\Router\Router->checkDisallowedChars('media/admin/js/sweetalert2@11.js')
 2 SYSTEMPATH\CodeIgniter.php(832): CodeIgniter\Router\Router->handle('media/admin/js/sweetalert2@11.js')
 3 SYSTEMPATH\CodeIgniter.php(455): CodeIgniter\CodeIgniter->tryToRouteIt(Object(CodeIgniter\Router\RouteCollection))
 4 SYSTEMPATH\CodeIgniter.php(354): CodeIgniter\CodeIgniter->handleRequest(null, Object(Config\Cache), false)
 5 SYSTEMPATH\Boot.php(334): CodeIgniter\CodeIgniter->run()
 6 SYSTEMPATH\Boot.php(67): CodeIgniter\Boot::runCodeIgniter(Object(CodeIgniter\CodeIgniter))
 7 FCPATH\index.php(56): CodeIgniter\Boot::bootWeb(Object(Config\Paths))
CRITICAL - 2025-02-03 06:35:27 --> ErrorException: Cannot redeclare App\Controllers\admin_con\AdminController::dashboard()
[Method: GET, Route: admin]
in APPPATH\Controllers\admin_con\AdminController.php on line 64.
 1 [internal function]: CodeIgniter\Debug\Exceptions->shutdownHandler()
CRITICAL - 2025-02-03 06:35:58 --> ErrorException: Cannot redeclare App\Controllers\admin_con\AdminController::dashboard()
[Method: GET, Route: admin]
in APPPATH\Controllers\admin_con\AdminController.php on line 64.
 1 [internal function]: CodeIgniter\Debug\Exceptions->shutdownHandler()
CRITICAL - 2025-02-03 06:36:14 --> ErrorException: Cannot redeclare App\Controllers\admin_con\AdminController::dashboard()
[Method: GET, Route: admin]
in APPPATH\Controllers\admin_con\AdminController.php on line 64.
 1 [internal function]: CodeIgniter\Debug\Exceptions->shutdownHandler()
CRITICAL - 2025-02-03 06:37:00 --> ErrorException: Cannot redeclare App\Controllers\admin_con\AdminController::dashboard()
[Method: GET, Route: admin]
in APPPATH\Controllers\admin_con\AdminController.php on line 64.
 1 [internal function]: CodeIgniter\Debug\Exceptions->shutdownHandler()
CRITICAL - 2025-02-03 06:37:03 --> ErrorException: Cannot redeclare App\Controllers\admin_con\AdminController::dashboard()
[Method: GET, Route: admin]
in APPPATH\Controllers\admin_con\AdminController.php on line 64.
 1 [internal function]: CodeIgniter\Debug\Exceptions->shutdownHandler()
CRITICAL - 2025-02-03 06:37:10 --> ErrorException: Cannot redeclare App\Controllers\admin_con\AdminController::dashboard()
[Method: GET, Route: admin]
in APPPATH\Controllers\admin_con\AdminController.php on line 64.
 1 [internal function]: CodeIgniter\Debug\Exceptions->shutdownHandler()
CRITICAL - 2025-02-03 06:53:05 --> ErrorException: Undefined property: App\Controllers\admin_con\AdminController::$db
[Method: POST, Route: admin/login]
in APPPATH\Controllers\admin_con\AdminController.php on line 22.
 1 APPPATH\Controllers\admin_con\AdminController.php(22): CodeIgniter\Debug\Exceptions->errorHandler(2, 'Undefined property: App\\Controllers\\admin_con\\AdminController::$db', 'E:\\xamp\\htdocs\\codigneter4\\app\\Controllers\\admin_con\\AdminController.php', 22)
 2 SYSTEMPATH\CodeIgniter.php(933): App\Controllers\admin_con\AdminController->login()
 3 SYSTEMPATH\CodeIgniter.php(507): CodeIgniter\CodeIgniter->runController(Object(App\Controllers\admin_con\AdminController))
 4 SYSTEMPATH\CodeIgniter.php(354): CodeIgniter\CodeIgniter->handleRequest(null, Object(Config\Cache), false)
 5 SYSTEMPATH\Boot.php(334): CodeIgniter\CodeIgniter->run()
 6 SYSTEMPATH\Boot.php(67): CodeIgniter\Boot::runCodeIgniter(Object(CodeIgniter\CodeIgniter))
 7 FCPATH\index.php(56): CodeIgniter\Boot::bootWeb(Object(Config\Paths))
CRITICAL - 2025-02-03 06:56:25 --> ErrorException: Undefined property: App\Controllers\admin_con\AdminController::$db
[Method: POST, Route: admin/login]
in APPPATH\Controllers\admin_con\AdminController.php on line 22.
 1 APPPATH\Controllers\admin_con\AdminController.php(22): CodeIgniter\Debug\Exceptions->errorHandler(2, 'Undefined property: App\\Controllers\\admin_con\\AdminController::$db', 'E:\\xamp\\htdocs\\codigneter4\\app\\Controllers\\admin_con\\AdminController.php', 22)
 2 SYSTEMPATH\CodeIgniter.php(933): App\Controllers\admin_con\AdminController->login()
 3 SYSTEMPATH\CodeIgniter.php(507): CodeIgniter\CodeIgniter->runController(Object(App\Controllers\admin_con\AdminController))
 4 SYSTEMPATH\CodeIgniter.php(354): CodeIgniter\CodeIgniter->handleRequest(null, Object(Config\Cache), false)
 5 SYSTEMPATH\Boot.php(334): CodeIgniter\CodeIgniter->run()
 6 SYSTEMPATH\Boot.php(67): CodeIgniter\Boot::runCodeIgniter(Object(CodeIgniter\CodeIgniter))
 7 FCPATH\index.php(56): CodeIgniter\Boot::bootWeb(Object(Config\Paths))
CRITICAL - 2025-02-03 06:56:35 --> ErrorException: Undefined property: App\Controllers\admin_con\AdminController::$db
[Method: POST, Route: admin/login]
in APPPATH\Controllers\admin_con\AdminController.php on line 22.
 1 APPPATH\Controllers\admin_con\AdminController.php(22): CodeIgniter\Debug\Exceptions->errorHandler(2, 'Undefined property: App\\Controllers\\admin_con\\AdminController::$db', 'E:\\xamp\\htdocs\\codigneter4\\app\\Controllers\\admin_con\\AdminController.php', 22)
 2 SYSTEMPATH\CodeIgniter.php(933): App\Controllers\admin_con\AdminController->login()
 3 SYSTEMPATH\CodeIgniter.php(507): CodeIgniter\CodeIgniter->runController(Object(App\Controllers\admin_con\AdminController))
 4 SYSTEMPATH\CodeIgniter.php(354): CodeIgniter\CodeIgniter->handleRequest(null, Object(Config\Cache), false)
 5 SYSTEMPATH\Boot.php(334): CodeIgniter\CodeIgniter->run()
 6 SYSTEMPATH\Boot.php(67): CodeIgniter\Boot::runCodeIgniter(Object(CodeIgniter\CodeIgniter))
 7 FCPATH\index.php(56): CodeIgniter\Boot::bootWeb(Object(Config\Paths))
CRITICAL - 2025-02-03 06:57:14 --> ErrorException: Undefined property: App\Controllers\admin_con\AdminController::$db
[Method: POST, Route: admin/login]
in APPPATH\Controllers\admin_con\AdminController.php on line 22.
 1 APPPATH\Controllers\admin_con\AdminController.php(22): CodeIgniter\Debug\Exceptions->errorHandler(2, 'Undefined property: App\\Controllers\\admin_con\\AdminController::$db', 'E:\\xamp\\htdocs\\codigneter4\\app\\Controllers\\admin_con\\AdminController.php', 22)
 2 SYSTEMPATH\CodeIgniter.php(933): App\Controllers\admin_con\AdminController->login()
 3 SYSTEMPATH\CodeIgniter.php(507): CodeIgniter\CodeIgniter->runController(Object(App\Controllers\admin_con\AdminController))
 4 SYSTEMPATH\CodeIgniter.php(354): CodeIgniter\CodeIgniter->handleRequest(null, Object(Config\Cache), false)
 5 SYSTEMPATH\Boot.php(334): CodeIgniter\CodeIgniter->run()
 6 SYSTEMPATH\Boot.php(67): CodeIgniter\Boot::runCodeIgniter(Object(CodeIgniter\CodeIgniter))
 7 FCPATH\index.php(56): CodeIgniter\Boot::bootWeb(Object(Config\Paths))
CRITICAL - 2025-02-03 06:57:28 --> ErrorException: Undefined property: App\Controllers\admin_con\AdminController::$db
[Method: POST, Route: admin/login]
in APPPATH\Controllers\admin_con\AdminController.php on line 22.
 1 APPPATH\Controllers\admin_con\AdminController.php(22): CodeIgniter\Debug\Exceptions->errorHandler(2, 'Undefined property: App\\Controllers\\admin_con\\AdminController::$db', 'E:\\xamp\\htdocs\\codigneter4\\app\\Controllers\\admin_con\\AdminController.php', 22)
 2 SYSTEMPATH\CodeIgniter.php(933): App\Controllers\admin_con\AdminController->login()
 3 SYSTEMPATH\CodeIgniter.php(507): CodeIgniter\CodeIgniter->runController(Object(App\Controllers\admin_con\AdminController))
 4 SYSTEMPATH\CodeIgniter.php(354): CodeIgniter\CodeIgniter->handleRequest(null, Object(Config\Cache), false)
 5 SYSTEMPATH\Boot.php(334): CodeIgniter\CodeIgniter->run()
 6 SYSTEMPATH\Boot.php(67): CodeIgniter\Boot::runCodeIgniter(Object(CodeIgniter\CodeIgniter))
 7 FCPATH\index.php(56): CodeIgniter\Boot::bootWeb(Object(Config\Paths))
CRITICAL - 2025-02-03 06:59:15 --> ErrorException: Undefined property: App\Controllers\admin_con\AdminController::$db
[Method: POST, Route: admin/login]
in APPPATH\Controllers\admin_con\AdminController.php on line 23.
 1 APPPATH\Controllers\admin_con\AdminController.php(23): CodeIgniter\Debug\Exceptions->errorHandler(2, 'Undefined property: App\\Controllers\\admin_con\\AdminController::$db', 'E:\\xamp\\htdocs\\codigneter4\\app\\Controllers\\admin_con\\AdminController.php', 23)
 2 SYSTEMPATH\CodeIgniter.php(933): App\Controllers\admin_con\AdminController->login()
 3 SYSTEMPATH\CodeIgniter.php(507): CodeIgniter\CodeIgniter->runController(Object(App\Controllers\admin_con\AdminController))
 4 SYSTEMPATH\CodeIgniter.php(354): CodeIgniter\CodeIgniter->handleRequest(null, Object(Config\Cache), false)
 5 SYSTEMPATH\Boot.php(334): CodeIgniter\CodeIgniter->run()
 6 SYSTEMPATH\Boot.php(67): CodeIgniter\Boot::runCodeIgniter(Object(CodeIgniter\CodeIgniter))
 7 FCPATH\index.php(56): CodeIgniter\Boot::bootWeb(Object(Config\Paths))
CRITICAL - 2025-02-03 07:02:13 --> ErrorException: Undefined property: App\Controllers\admin_con\AdminController::$db
[Method: POST, Route: admin/login]
in APPPATH\Controllers\admin_con\AdminController.php on line 23.
 1 APPPATH\Controllers\admin_con\AdminController.php(23): CodeIgniter\Debug\Exceptions->errorHandler(2, 'Undefined property: App\\Controllers\\admin_con\\AdminController::$db', 'E:\\xamp\\htdocs\\codigneter4\\app\\Controllers\\admin_con\\AdminController.php', 23)
 2 SYSTEMPATH\CodeIgniter.php(933): App\Controllers\admin_con\AdminController->login()
 3 SYSTEMPATH\CodeIgniter.php(507): CodeIgniter\CodeIgniter->runController(Object(App\Controllers\admin_con\AdminController))
 4 SYSTEMPATH\CodeIgniter.php(354): CodeIgniter\CodeIgniter->handleRequest(null, Object(Config\Cache), false)
 5 SYSTEMPATH\Boot.php(334): CodeIgniter\CodeIgniter->run()
 6 SYSTEMPATH\Boot.php(67): CodeIgniter\Boot::runCodeIgniter(Object(CodeIgniter\CodeIgniter))
 7 FCPATH\index.php(56): CodeIgniter\Boot::bootWeb(Object(Config\Paths))
CRITICAL - 2025-02-03 07:02:18 --> ErrorException: Undefined property: App\Controllers\admin_con\AdminController::$db
[Method: POST, Route: admin/login]
in APPPATH\Controllers\admin_con\AdminController.php on line 23.
 1 APPPATH\Controllers\admin_con\AdminController.php(23): CodeIgniter\Debug\Exceptions->errorHandler(2, 'Undefined property: App\\Controllers\\admin_con\\AdminController::$db', 'E:\\xamp\\htdocs\\codigneter4\\app\\Controllers\\admin_con\\AdminController.php', 23)
 2 SYSTEMPATH\CodeIgniter.php(933): App\Controllers\admin_con\AdminController->login()
 3 SYSTEMPATH\CodeIgniter.php(507): CodeIgniter\CodeIgniter->runController(Object(App\Controllers\admin_con\AdminController))
 4 SYSTEMPATH\CodeIgniter.php(354): CodeIgniter\CodeIgniter->handleRequest(null, Object(Config\Cache), false)
 5 SYSTEMPATH\Boot.php(334): CodeIgniter\CodeIgniter->run()
 6 SYSTEMPATH\Boot.php(67): CodeIgniter\Boot::runCodeIgniter(Object(CodeIgniter\CodeIgniter))
 7 FCPATH\index.php(56): CodeIgniter\Boot::bootWeb(Object(Config\Paths))
CRITICAL - 2025-02-03 07:03:36 --> ErrorException: Undefined property: CodeIgniter\Database\MySQLi\Result::$name
[Method: POST, Route: admin/login]
in APPPATH\Controllers\admin_con\AdminController.php on line 37.
 1 APPPATH\Controllers\admin_con\AdminController.php(37): CodeIgniter\Debug\Exceptions->errorHandler(2, 'Undefined property: CodeIgniter\\Database\\MySQLi\\Result::$name', 'E:\\xamp\\htdocs\\codigneter4\\app\\Controllers\\admin_con\\AdminController.php', 37)
 2 SYSTEMPATH\CodeIgniter.php(933): App\Controllers\admin_con\AdminController->login()
 3 SYSTEMPATH\CodeIgniter.php(507): CodeIgniter\CodeIgniter->runController(Object(App\Controllers\admin_con\AdminController))
 4 SYSTEMPATH\CodeIgniter.php(354): CodeIgniter\CodeIgniter->handleRequest(null, Object(Config\Cache), false)
 5 SYSTEMPATH\Boot.php(334): CodeIgniter\CodeIgniter->run()
 6 SYSTEMPATH\Boot.php(67): CodeIgniter\Boot::runCodeIgniter(Object(CodeIgniter\CodeIgniter))
 7 FCPATH\index.php(56): CodeIgniter\Boot::bootWeb(Object(Config\Paths))
CRITICAL - 2025-02-03 07:03:41 --> Error: Cannot use object of type CodeIgniter\Database\MySQLi\Result as array
[Method: POST, Route: admin/login]
in APPPATH\Controllers\admin_con\AdminController.php on line 37.
 1 SYSTEMPATH\CodeIgniter.php(933): App\Controllers\admin_con\AdminController->login()
 2 SYSTEMPATH\CodeIgniter.php(507): CodeIgniter\CodeIgniter->runController(Object(App\Controllers\admin_con\AdminController))
 3 SYSTEMPATH\CodeIgniter.php(354): CodeIgniter\CodeIgniter->handleRequest(null, Object(Config\Cache), false)
 4 SYSTEMPATH\Boot.php(334): CodeIgniter\CodeIgniter->run()
 5 SYSTEMPATH\Boot.php(67): CodeIgniter\Boot::runCodeIgniter(Object(CodeIgniter\CodeIgniter))
 6 FCPATH\index.php(56): CodeIgniter\Boot::bootWeb(Object(Config\Paths))
CRITICAL - 2025-02-03 07:09:00 --> Error: Call to undefined method stdClass::getNumRows()
[Method: POST, Route: admin/login]
in APPPATH\Controllers\admin_con\AdminController.php on line 43.
 1 SYSTEMPATH\CodeIgniter.php(933): App\Controllers\admin_con\AdminController->login()
 2 SYSTEMPATH\CodeIgniter.php(507): CodeIgniter\CodeIgniter->runController(Object(App\Controllers\admin_con\AdminController))
 3 SYSTEMPATH\CodeIgniter.php(354): CodeIgniter\CodeIgniter->handleRequest(null, Object(Config\Cache), false)
 4 SYSTEMPATH\Boot.php(334): CodeIgniter\CodeIgniter->run()
 5 SYSTEMPATH\Boot.php(67): CodeIgniter\Boot::runCodeIgniter(Object(CodeIgniter\CodeIgniter))
 6 FCPATH\index.php(56): CodeIgniter\Boot::bootWeb(Object(Config\Paths))
CRITICAL - 2025-02-03 07:10:26 --> Error: Call to undefined method stdClass::getNumRows()
[Method: POST, Route: admin/login]
in APPPATH\Controllers\admin_con\AdminController.php on line 44.
 1 SYSTEMPATH\CodeIgniter.php(933): App\Controllers\admin_con\AdminController->login()
 2 SYSTEMPATH\CodeIgniter.php(507): CodeIgniter\CodeIgniter->runController(Object(App\Controllers\admin_con\AdminController))
 3 SYSTEMPATH\CodeIgniter.php(354): CodeIgniter\CodeIgniter->handleRequest(null, Object(Config\Cache), false)
 4 SYSTEMPATH\Boot.php(334): CodeIgniter\CodeIgniter->run()
 5 SYSTEMPATH\Boot.php(67): CodeIgniter\Boot::runCodeIgniter(Object(CodeIgniter\CodeIgniter))
 6 FCPATH\index.php(56): CodeIgniter\Boot::bootWeb(Object(Config\Paths))
CRITICAL - 2025-02-03 07:14:08 --> CodeIgniter\View\Exceptions\ViewException: Invalid file: "admin/dashboard.php"
[Method: GET, Route: admin/dashboard]
in SYSTEMPATH\Exceptions\FrameworkException.php on line 39.
 1 SYSTEMPATH\View\View.php(212): CodeIgniter\Exceptions\FrameworkException::forInvalidFile('admin/dashboard.php')
 2 SYSTEMPATH\Common.php(1173): CodeIgniter\View\View->render('admin/dashboard', [], true)
 3 APPPATH\Controllers\admin_con\AdminController.php(78): view('admin/dashboard')
 4 SYSTEMPATH\CodeIgniter.php(933): App\Controllers\admin_con\AdminController->dashboard()
 5 SYSTEMPATH\CodeIgniter.php(507): CodeIgniter\CodeIgniter->runController(Object(App\Controllers\admin_con\AdminController))
 6 SYSTEMPATH\CodeIgniter.php(354): CodeIgniter\CodeIgniter->handleRequest(null, Object(Config\Cache), false)
 7 SYSTEMPATH\Boot.php(334): CodeIgniter\CodeIgniter->run()
 8 SYSTEMPATH\Boot.php(67): CodeIgniter\Boot::runCodeIgniter(Object(CodeIgniter\CodeIgniter))
 9 FCPATH\index.php(56): CodeIgniter\Boot::bootWeb(Object(Config\Paths))
CRITICAL - 2025-02-03 07:16:39 --> ErrorException: Undefined property: CodeIgniter\View\View::$crud
[Method: GET, Route: admin/dashboard]
in APPPATH\Views\admin\include\topbar.php on line 2.
 1 APPPATH\Views\admin\include\topbar.php(2): CodeIgniter\Debug\Exceptions->errorHandler(2, 'Undefined property: CodeIgniter\\View\\View::$crud', 'E:\\xamp\\htdocs\\codigneter4\\app\\Views\\admin\\include\\topbar.php', 2)
 2 SYSTEMPATH\View\View.php(224): include('E:\\xamp\\htdocs\\codigneter4\\app\\Views\\admin\\include\\topbar.php')
 3 SYSTEMPATH\View\View.php(227): CodeIgniter\View\View->CodeIgniter\View\{closure}()
 4 SYSTEMPATH\Common.php(1173): CodeIgniter\View\View->render('admin/include/topbar', [], true)
 5 APPPATH\Views\admin\dashboard.php(9): view('admin/include/topbar')
 6 SYSTEMPATH\View\View.php(224): include('E:\\xamp\\htdocs\\codigneter4\\app\\Views\\admin\\dashboard.php')
 7 SYSTEMPATH\View\View.php(227): CodeIgniter\View\View->CodeIgniter\View\{closure}()
 8 SYSTEMPATH\Common.php(1173): CodeIgniter\View\View->render('admin/dashboard', [], true)
 9 APPPATH\Controllers\admin_con\AdminController.php(72): view('admin/dashboard')
10 SYSTEMPATH\CodeIgniter.php(933): App\Controllers\admin_con\AdminController->dashboard()
11 SYSTEMPATH\CodeIgniter.php(507): CodeIgniter\CodeIgniter->runController(Object(App\Controllers\admin_con\AdminController))
12 SYSTEMPATH\CodeIgniter.php(354): CodeIgniter\CodeIgniter->handleRequest(null, Object(Config\Cache), false)
13 SYSTEMPATH\Boot.php(334): CodeIgniter\CodeIgniter->run()
14 SYSTEMPATH\Boot.php(67): CodeIgniter\Boot::runCodeIgniter(Object(CodeIgniter\CodeIgniter))
15 FCPATH\index.php(56): CodeIgniter\Boot::bootWeb(Object(Config\Paths))
CRITICAL - 2025-02-03 07:17:04 --> ErrorException: Undefined property: CodeIgniter\View\View::$crud
[Method: GET, Route: admin/dashboard]
in APPPATH\Views\admin\include\topbar.php on line 2.
 1 APPPATH\Views\admin\include\topbar.php(2): CodeIgniter\Debug\Exceptions->errorHandler(2, 'Undefined property: CodeIgniter\\View\\View::$crud', 'E:\\xamp\\htdocs\\codigneter4\\app\\Views\\admin\\include\\topbar.php', 2)
 2 SYSTEMPATH\View\View.php(224): include('E:\\xamp\\htdocs\\codigneter4\\app\\Views\\admin\\include\\topbar.php')
 3 SYSTEMPATH\View\View.php(227): CodeIgniter\View\View->CodeIgniter\View\{closure}()
 4 SYSTEMPATH\Common.php(1173): CodeIgniter\View\View->render('admin/include/topbar', [], true)
 5 APPPATH\Views\admin\dashboard.php(12): view('admin/include/topbar')
 6 SYSTEMPATH\View\View.php(224): include('E:\\xamp\\htdocs\\codigneter4\\app\\Views\\admin\\dashboard.php')
 7 SYSTEMPATH\View\View.php(227): CodeIgniter\View\View->CodeIgniter\View\{closure}()
 8 SYSTEMPATH\Common.php(1173): CodeIgniter\View\View->render('admin/dashboard', [], true)
 9 APPPATH\Controllers\admin_con\AdminController.php(72): view('admin/dashboard')
10 SYSTEMPATH\CodeIgniter.php(933): App\Controllers\admin_con\AdminController->dashboard()
11 SYSTEMPATH\CodeIgniter.php(507): CodeIgniter\CodeIgniter->runController(Object(App\Controllers\admin_con\AdminController))
12 SYSTEMPATH\CodeIgniter.php(354): CodeIgniter\CodeIgniter->handleRequest(null, Object(Config\Cache), false)
13 SYSTEMPATH\Boot.php(334): CodeIgniter\CodeIgniter->run()
14 SYSTEMPATH\Boot.php(67): CodeIgniter\Boot::runCodeIgniter(Object(CodeIgniter\CodeIgniter))
15 FCPATH\index.php(56): CodeIgniter\Boot::bootWeb(Object(Config\Paths))
CRITICAL - 2025-02-03 07:25:37 --> ErrorException: Undefined variable $session
[Method: GET, Route: admin/dashboard]
in APPPATH\Views\admin\dashboard.php on line 2.
 1 APPPATH\Views\admin\dashboard.php(2): CodeIgniter\Debug\Exceptions->errorHandler(2, 'Undefined variable $session', 'E:\\xamp\\htdocs\\codigneter4\\app\\Views\\admin\\dashboard.php', 2)
 2 SYSTEMPATH\View\View.php(224): include('E:\\xamp\\htdocs\\codigneter4\\app\\Views\\admin\\dashboard.php')
 3 SYSTEMPATH\View\View.php(227): CodeIgniter\View\View->CodeIgniter\View\{closure}()
 4 SYSTEMPATH\Common.php(1173): CodeIgniter\View\View->render('admin/dashboard', [], true)
 5 APPPATH\Controllers\admin_con\AdminController.php(75): view('admin/dashboard')
 6 SYSTEMPATH\CodeIgniter.php(933): App\Controllers\admin_con\AdminController->dashboard()
 7 SYSTEMPATH\CodeIgniter.php(507): CodeIgniter\CodeIgniter->runController(Object(App\Controllers\admin_con\AdminController))
 8 SYSTEMPATH\CodeIgniter.php(354): CodeIgniter\CodeIgniter->handleRequest(null, Object(Config\Cache), false)
 9 SYSTEMPATH\Boot.php(334): CodeIgniter\CodeIgniter->run()
10 SYSTEMPATH\Boot.php(67): CodeIgniter\Boot::runCodeIgniter(Object(CodeIgniter\CodeIgniter))
11 FCPATH\index.php(56): CodeIgniter\Boot::bootWeb(Object(Config\Paths))
CRITICAL - 2025-02-03 07:25:52 --> ErrorException: Undefined variable $session
[Method: GET, Route: admin/dashboard]
in APPPATH\Views\admin\dashboard.php on line 2.
 1 APPPATH\Views\admin\dashboard.php(2): CodeIgniter\Debug\Exceptions->errorHandler(2, 'Undefined variable $session', 'E:\\xamp\\htdocs\\codigneter4\\app\\Views\\admin\\dashboard.php', 2)
 2 SYSTEMPATH\View\View.php(224): include('E:\\xamp\\htdocs\\codigneter4\\app\\Views\\admin\\dashboard.php')
 3 SYSTEMPATH\View\View.php(227): CodeIgniter\View\View->CodeIgniter\View\{closure}()
 4 SYSTEMPATH\Common.php(1173): CodeIgniter\View\View->render('admin/dashboard', [], true)
 5 APPPATH\Controllers\admin_con\AdminController.php(75): view('admin/dashboard')
 6 SYSTEMPATH\CodeIgniter.php(933): App\Controllers\admin_con\AdminController->dashboard()
 7 SYSTEMPATH\CodeIgniter.php(507): CodeIgniter\CodeIgniter->runController(Object(App\Controllers\admin_con\AdminController))
 8 SYSTEMPATH\CodeIgniter.php(354): CodeIgniter\CodeIgniter->handleRequest(null, Object(Config\Cache), false)
 9 SYSTEMPATH\Boot.php(334): CodeIgniter\CodeIgniter->run()
10 SYSTEMPATH\Boot.php(67): CodeIgniter\Boot::runCodeIgniter(Object(CodeIgniter\CodeIgniter))
11 FCPATH\index.php(56): CodeIgniter\Boot::bootWeb(Object(Config\Paths))
CRITICAL - 2025-02-03 07:28:01 --> Error: Using $this when not in object context
[Method: GET, Route: admin/dashboard]
in APPPATH\Helpers\custom_helper.php on line 16.
 1 APPPATH\Views\admin\dashboard.php(2): getAdminId()
 2 SYSTEMPATH\View\View.php(224): include('E:\\xamp\\htdocs\\codigneter4\\app\\Views\\admin\\dashboard.php')
 3 SYSTEMPATH\View\View.php(227): CodeIgniter\View\View->CodeIgniter\View\{closure}()
 4 SYSTEMPATH\Common.php(1173): CodeIgniter\View\View->render('admin/dashboard', [], true)
 5 APPPATH\Controllers\admin_con\AdminController.php(75): view('admin/dashboard')
 6 SYSTEMPATH\CodeIgniter.php(933): App\Controllers\admin_con\AdminController->dashboard()
 7 SYSTEMPATH\CodeIgniter.php(507): CodeIgniter\CodeIgniter->runController(Object(App\Controllers\admin_con\AdminController))
 8 SYSTEMPATH\CodeIgniter.php(354): CodeIgniter\CodeIgniter->handleRequest(null, Object(Config\Cache), false)
 9 SYSTEMPATH\Boot.php(334): CodeIgniter\CodeIgniter->run()
10 SYSTEMPATH\Boot.php(67): CodeIgniter\Boot::runCodeIgniter(Object(CodeIgniter\CodeIgniter))
11 FCPATH\index.php(56): CodeIgniter\Boot::bootWeb(Object(Config\Paths))
CRITICAL - 2025-02-03 07:31:51 --> Error: Using $this when not in object context
[Method: GET, Route: admin/dashboard]
in APPPATH\Helpers\custom_helper.php on line 17.
 1 APPPATH\Views\admin\dashboard.php(2): getAdminId()
 2 SYSTEMPATH\View\View.php(224): include('E:\\xamp\\htdocs\\codigneter4\\app\\Views\\admin\\dashboard.php')
 3 SYSTEMPATH\View\View.php(227): CodeIgniter\View\View->CodeIgniter\View\{closure}()
 4 SYSTEMPATH\Common.php(1173): CodeIgniter\View\View->render('admin/dashboard', [], true)
 5 APPPATH\Controllers\admin_con\AdminController.php(75): view('admin/dashboard')
 6 SYSTEMPATH\CodeIgniter.php(933): App\Controllers\admin_con\AdminController->dashboard()
 7 SYSTEMPATH\CodeIgniter.php(507): CodeIgniter\CodeIgniter->runController(Object(App\Controllers\admin_con\AdminController))
 8 SYSTEMPATH\CodeIgniter.php(354): CodeIgniter\CodeIgniter->handleRequest(null, Object(Config\Cache), false)
 9 SYSTEMPATH\Boot.php(334): CodeIgniter\CodeIgniter->run()
10 SYSTEMPATH\Boot.php(67): CodeIgniter\Boot::runCodeIgniter(Object(CodeIgniter\CodeIgniter))
11 FCPATH\index.php(56): CodeIgniter\Boot::bootWeb(Object(Config\Paths))
CRITICAL - 2025-02-03 07:32:19 --> Error: Using $this when not in object context
[Method: GET, Route: admin/dashboard]
in APPPATH\Helpers\custom_helper.php on line 22.
 1 APPPATH\Views\admin\dashboard.php(2): getAdminId()
 2 SYSTEMPATH\View\View.php(224): include('E:\\xamp\\htdocs\\codigneter4\\app\\Views\\admin\\dashboard.php')
 3 SYSTEMPATH\View\View.php(227): CodeIgniter\View\View->CodeIgniter\View\{closure}()
 4 SYSTEMPATH\Common.php(1173): CodeIgniter\View\View->render('admin/dashboard', [], true)
 5 APPPATH\Controllers\admin_con\AdminController.php(75): view('admin/dashboard')
 6 SYSTEMPATH\CodeIgniter.php(933): App\Controllers\admin_con\AdminController->dashboard()
 7 SYSTEMPATH\CodeIgniter.php(507): CodeIgniter\CodeIgniter->runController(Object(App\Controllers\admin_con\AdminController))
 8 SYSTEMPATH\CodeIgniter.php(354): CodeIgniter\CodeIgniter->handleRequest(null, Object(Config\Cache), false)
 9 SYSTEMPATH\Boot.php(334): CodeIgniter\CodeIgniter->run()
10 SYSTEMPATH\Boot.php(67): CodeIgniter\Boot::runCodeIgniter(Object(CodeIgniter\CodeIgniter))
11 FCPATH\index.php(56): CodeIgniter\Boot::bootWeb(Object(Config\Paths))
CRITICAL - 2025-02-03 07:34:09 --> Error: Using $this when not in object context
[Method: GET, Route: admin/dashboard]
in APPPATH\Helpers\custom_helper.php on line 22.
 1 APPPATH\Views\admin\dashboard.php(2): getAdminId()
 2 SYSTEMPATH\View\View.php(224): include('E:\\xamp\\htdocs\\codigneter4\\app\\Views\\admin\\dashboard.php')
 3 SYSTEMPATH\View\View.php(227): CodeIgniter\View\View->CodeIgniter\View\{closure}()
 4 SYSTEMPATH\Common.php(1173): CodeIgniter\View\View->render('admin/dashboard', [], true)
 5 APPPATH\Controllers\admin_con\AdminController.php(75): view('admin/dashboard')
 6 SYSTEMPATH\CodeIgniter.php(933): App\Controllers\admin_con\AdminController->dashboard()
 7 SYSTEMPATH\CodeIgniter.php(507): CodeIgniter\CodeIgniter->runController(Object(App\Controllers\admin_con\AdminController))
 8 SYSTEMPATH\CodeIgniter.php(354): CodeIgniter\CodeIgniter->handleRequest(null, Object(Config\Cache), false)
 9 SYSTEMPATH\Boot.php(334): CodeIgniter\CodeIgniter->run()
10 SYSTEMPATH\Boot.php(67): CodeIgniter\Boot::runCodeIgniter(Object(CodeIgniter\CodeIgniter))
11 FCPATH\index.php(56): CodeIgniter\Boot::bootWeb(Object(Config\Paths))
CRITICAL - 2025-02-03 07:34:11 --> Error: Using $this when not in object context
[Method: GET, Route: admin/dashboard]
in APPPATH\Helpers\custom_helper.php on line 22.
 1 APPPATH\Views\admin\dashboard.php(2): getAdminId()
 2 SYSTEMPATH\View\View.php(224): include('E:\\xamp\\htdocs\\codigneter4\\app\\Views\\admin\\dashboard.php')
 3 SYSTEMPATH\View\View.php(227): CodeIgniter\View\View->CodeIgniter\View\{closure}()
 4 SYSTEMPATH\Common.php(1173): CodeIgniter\View\View->render('admin/dashboard', [], true)
 5 APPPATH\Controllers\admin_con\AdminController.php(75): view('admin/dashboard')
 6 SYSTEMPATH\CodeIgniter.php(933): App\Controllers\admin_con\AdminController->dashboard()
 7 SYSTEMPATH\CodeIgniter.php(507): CodeIgniter\CodeIgniter->runController(Object(App\Controllers\admin_con\AdminController))
 8 SYSTEMPATH\CodeIgniter.php(354): CodeIgniter\CodeIgniter->handleRequest(null, Object(Config\Cache), false)
 9 SYSTEMPATH\Boot.php(334): CodeIgniter\CodeIgniter->run()
10 SYSTEMPATH\Boot.php(67): CodeIgniter\Boot::runCodeIgniter(Object(CodeIgniter\CodeIgniter))
11 FCPATH\index.php(56): CodeIgniter\Boot::bootWeb(Object(Config\Paths))
CRITICAL - 2025-02-03 07:36:47 --> Error: Using $this when not in object context
[Method: GET, Route: admin/dashboard]
in APPPATH\Helpers\custom_helper.php on line 22.
 1 APPPATH\Views\admin\dashboard.php(2): getAdminId()
 2 SYSTEMPATH\View\View.php(224): include('E:\\xamp\\htdocs\\codigneter4\\app\\Views\\admin\\dashboard.php')
 3 SYSTEMPATH\View\View.php(227): CodeIgniter\View\View->CodeIgniter\View\{closure}()
 4 SYSTEMPATH\Common.php(1173): CodeIgniter\View\View->render('admin/dashboard', [], true)
 5 APPPATH\Controllers\admin_con\AdminController.php(76): view('admin/dashboard')
 6 SYSTEMPATH\CodeIgniter.php(933): App\Controllers\admin_con\AdminController->dashboard()
 7 SYSTEMPATH\CodeIgniter.php(507): CodeIgniter\CodeIgniter->runController(Object(App\Controllers\admin_con\AdminController))
 8 SYSTEMPATH\CodeIgniter.php(354): CodeIgniter\CodeIgniter->handleRequest(null, Object(Config\Cache), false)
 9 SYSTEMPATH\Boot.php(334): CodeIgniter\CodeIgniter->run()
10 SYSTEMPATH\Boot.php(67): CodeIgniter\Boot::runCodeIgniter(Object(CodeIgniter\CodeIgniter))
11 FCPATH\index.php(56): CodeIgniter\Boot::bootWeb(Object(Config\Paths))
CRITICAL - 2025-02-03 07:36:48 --> Error: Using $this when not in object context
[Method: GET, Route: admin/dashboard]
in APPPATH\Helpers\custom_helper.php on line 22.
 1 APPPATH\Views\admin\dashboard.php(2): getAdminId()
 2 SYSTEMPATH\View\View.php(224): include('E:\\xamp\\htdocs\\codigneter4\\app\\Views\\admin\\dashboard.php')
 3 SYSTEMPATH\View\View.php(227): CodeIgniter\View\View->CodeIgniter\View\{closure}()
 4 SYSTEMPATH\Common.php(1173): CodeIgniter\View\View->render('admin/dashboard', [], true)
 5 APPPATH\Controllers\admin_con\AdminController.php(76): view('admin/dashboard')
 6 SYSTEMPATH\CodeIgniter.php(933): App\Controllers\admin_con\AdminController->dashboard()
 7 SYSTEMPATH\CodeIgniter.php(507): CodeIgniter\CodeIgniter->runController(Object(App\Controllers\admin_con\AdminController))
 8 SYSTEMPATH\CodeIgniter.php(354): CodeIgniter\CodeIgniter->handleRequest(null, Object(Config\Cache), false)
 9 SYSTEMPATH\Boot.php(334): CodeIgniter\CodeIgniter->run()
10 SYSTEMPATH\Boot.php(67): CodeIgniter\Boot::runCodeIgniter(Object(CodeIgniter\CodeIgniter))
11 FCPATH\index.php(56): CodeIgniter\Boot::bootWeb(Object(Config\Paths))
CRITICAL - 2025-02-03 07:37:32 --> Error: Using $this when not in object context
[Method: GET, Route: admin/dashboard]
in APPPATH\Helpers\custom_helper.php on line 22.
 1 APPPATH\Views\admin\dashboard.php(2): getAdminId()
 2 SYSTEMPATH\View\View.php(224): include('E:\\xamp\\htdocs\\codigneter4\\app\\Views\\admin\\dashboard.php')
 3 SYSTEMPATH\View\View.php(227): CodeIgniter\View\View->CodeIgniter\View\{closure}()
 4 SYSTEMPATH\Common.php(1173): CodeIgniter\View\View->render('admin/dashboard', [], true)
 5 APPPATH\Controllers\admin_con\AdminController.php(75): view('admin/dashboard')
 6 SYSTEMPATH\CodeIgniter.php(933): App\Controllers\admin_con\AdminController->dashboard()
 7 SYSTEMPATH\CodeIgniter.php(507): CodeIgniter\CodeIgniter->runController(Object(App\Controllers\admin_con\AdminController))
 8 SYSTEMPATH\CodeIgniter.php(354): CodeIgniter\CodeIgniter->handleRequest(null, Object(Config\Cache), false)
 9 SYSTEMPATH\Boot.php(334): CodeIgniter\CodeIgniter->run()
10 SYSTEMPATH\Boot.php(67): CodeIgniter\Boot::runCodeIgniter(Object(CodeIgniter\CodeIgniter))
11 FCPATH\index.php(56): CodeIgniter\Boot::bootWeb(Object(Config\Paths))
DEBUG - 2025-02-03 07:37:52 --> Session: Class initialized using 'CodeIgniter\Session\Handlers\FileHandler' driver.
CRITICAL - 2025-02-03 07:37:52 --> Error: Using $this when not in object context
[Method: GET, Route: admin/dashboard]
in APPPATH\Helpers\custom_helper.php on line 22.
 1 APPPATH\Views\admin\dashboard.php(2): getAdminId()
 2 SYSTEMPATH\View\View.php(224): include('E:\\xamp\\htdocs\\codigneter4\\app\\Views\\admin\\dashboard.php')
 3 SYSTEMPATH\View\View.php(227): CodeIgniter\View\View->CodeIgniter\View\{closure}()
 4 SYSTEMPATH\Common.php(1173): CodeIgniter\View\View->render('admin/dashboard', [], true)
 5 APPPATH\Controllers\admin_con\AdminController.php(75): view('admin/dashboard')
 6 SYSTEMPATH\CodeIgniter.php(933): App\Controllers\admin_con\AdminController->dashboard()
 7 SYSTEMPATH\CodeIgniter.php(507): CodeIgniter\CodeIgniter->runController(Object(App\Controllers\admin_con\AdminController))
 8 SYSTEMPATH\CodeIgniter.php(354): CodeIgniter\CodeIgniter->handleRequest(null, Object(Config\Cache), false)
 9 SYSTEMPATH\Boot.php(334): CodeIgniter\CodeIgniter->run()
10 SYSTEMPATH\Boot.php(67): CodeIgniter\Boot::runCodeIgniter(Object(CodeIgniter\CodeIgniter))
11 FCPATH\index.php(56): CodeIgniter\Boot::bootWeb(Object(Config\Paths))
DEBUG - 2025-02-03 07:40:11 --> Session: Class initialized using 'CodeIgniter\Session\Handlers\FileHandler' driver.
CRITICAL - 2025-02-03 07:40:11 --> Error: Using $this when not in object context
[Method: GET, Route: admin/dashboard]
in APPPATH\Helpers\custom_helper.php on line 24.
 1 APPPATH\Views\admin\dashboard.php(2): getAdminId()
 2 SYSTEMPATH\View\View.php(224): include('E:\\xamp\\htdocs\\codigneter4\\app\\Views\\admin\\dashboard.php')
 3 SYSTEMPATH\View\View.php(227): CodeIgniter\View\View->CodeIgniter\View\{closure}()
 4 SYSTEMPATH\Common.php(1173): CodeIgniter\View\View->render('admin/dashboard', [], true)
 5 APPPATH\Controllers\admin_con\AdminController.php(75): view('admin/dashboard')
 6 SYSTEMPATH\CodeIgniter.php(933): App\Controllers\admin_con\AdminController->dashboard()
 7 SYSTEMPATH\CodeIgniter.php(507): CodeIgniter\CodeIgniter->runController(Object(App\Controllers\admin_con\AdminController))
 8 SYSTEMPATH\CodeIgniter.php(354): CodeIgniter\CodeIgniter->handleRequest(null, Object(Config\Cache), false)
 9 SYSTEMPATH\Boot.php(334): CodeIgniter\CodeIgniter->run()
10 SYSTEMPATH\Boot.php(67): CodeIgniter\Boot::runCodeIgniter(Object(CodeIgniter\CodeIgniter))
11 FCPATH\index.php(56): CodeIgniter\Boot::bootWeb(Object(Config\Paths))
DEBUG - 2025-02-03 07:40:24 --> Session: Class initialized using 'CodeIgniter\Session\Handlers\FileHandler' driver.
DEBUG - 2025-02-03 07:40:28 --> Session: Class initialized using 'CodeIgniter\Session\Handlers\FileHandler' driver.
DEBUG - 2025-02-03 07:40:47 --> Session: Class initialized using 'CodeIgniter\Session\Handlers\FileHandler' driver.
DEBUG - 2025-02-03 07:41:00 --> Session: Class initialized using 'CodeIgniter\Session\Handlers\FileHandler' driver.
DEBUG - 2025-02-03 07:41:03 --> Session: Class initialized using 'CodeIgniter\Session\Handlers\FileHandler' driver.
DEBUG - 2025-02-03 07:41:03 --> Session: Class initialized using 'CodeIgniter\Session\Handlers\FileHandler' driver.
DEBUG - 2025-02-03 07:41:17 --> Session: Class initialized using 'CodeIgniter\Session\Handlers\FileHandler' driver.
DEBUG - 2025-02-03 07:41:20 --> Session: Class initialized using 'CodeIgniter\Session\Handlers\FileHandler' driver.
DEBUG - 2025-02-03 07:41:20 --> Session: Class initialized using 'CodeIgniter\Session\Handlers\FileHandler' driver.
CRITICAL - 2025-02-03 08:42:54 --> ParseError: syntax error, unexpected token "protected", expecting end of file
[Method: GET, Route: admin]
in APPPATH\Helpers\custom_helper.php on line 5.
 1 SYSTEMPATH\Autoloader\Autoloader.php(489): helper([...])
 2 SYSTEMPATH\Boot.php(258): CodeIgniter\Autoloader\Autoloader->loadHelpers()
 3 SYSTEMPATH\Boot.php(64): CodeIgniter\Boot::autoloadHelpers()
 4 FCPATH\index.php(56): CodeIgniter\Boot::bootWeb(Object(Config\Paths))
CRITICAL - 2025-02-03 08:43:31 --> ParseError: syntax error, unexpected token "protected", expecting end of file
[Method: GET, Route: admin]
in APPPATH\Helpers\custom_helper.php on line 5.
 1 SYSTEMPATH\Autoloader\Autoloader.php(489): helper([...])
 2 SYSTEMPATH\Boot.php(258): CodeIgniter\Autoloader\Autoloader->loadHelpers()
 3 SYSTEMPATH\Boot.php(64): CodeIgniter\Boot::autoloadHelpers()
 4 FCPATH\index.php(56): CodeIgniter\Boot::bootWeb(Object(Config\Paths))
CRITICAL - 2025-02-03 08:43:40 --> ParseError: syntax error, unexpected token "public", expecting end of file
[Method: GET, Route: admin]
in APPPATH\Helpers\custom_helper.php on line 5.
 1 SYSTEMPATH\Autoloader\Autoloader.php(489): helper([...])
 2 SYSTEMPATH\Boot.php(258): CodeIgniter\Autoloader\Autoloader->loadHelpers()
 3 SYSTEMPATH\Boot.php(64): CodeIgniter\Boot::autoloadHelpers()
 4 FCPATH\index.php(56): CodeIgniter\Boot::bootWeb(Object(Config\Paths))
DEBUG - 2025-02-03 07:44:18 --> Session: Class initialized using 'CodeIgniter\Session\Handlers\FileHandler' driver.
DEBUG - 2025-02-03 07:44:20 --> Session: Class initialized using 'CodeIgniter\Session\Handlers\FileHandler' driver.
DEBUG - 2025-02-03 07:44:20 --> Session: Class initialized using 'CodeIgniter\Session\Handlers\FileHandler' driver.
DEBUG - 2025-02-03 07:44:22 --> Session: Class initialized using 'CodeIgniter\Session\Handlers\FileHandler' driver.
DEBUG - 2025-02-03 07:46:03 --> Session: Class initialized using 'CodeIgniter\Session\Handlers\FileHandler' driver.
DEBUG - 2025-02-03 07:46:19 --> Session: Class initialized using 'CodeIgniter\Session\Handlers\FileHandler' driver.
DEBUG - 2025-02-03 07:46:20 --> Session: Class initialized using 'CodeIgniter\Session\Handlers\FileHandler' driver.
DEBUG - 2025-02-03 07:46:31 --> Session: Class initialized using 'CodeIgniter\Session\Handlers\FileHandler' driver.
CRITICAL - 2025-02-03 07:46:31 --> Error: Cannot use object of type stdClass as array
[Method: GET, Route: admin/dashboard]
in APPPATH\Views\admin\dashboard.php on line 3.
 1 SYSTEMPATH\View\View.php(224): include()
 2 SYSTEMPATH\View\View.php(227): CodeIgniter\View\View->CodeIgniter\View\{closure}()
 3 SYSTEMPATH\Common.php(1173): CodeIgniter\View\View->render('admin/dashboard', [], true)
 4 APPPATH\Controllers\admin_con\AdminController.php(74): view('admin/dashboard', [...])
 5 SYSTEMPATH\CodeIgniter.php(933): App\Controllers\admin_con\AdminController->dashboard()
 6 SYSTEMPATH\CodeIgniter.php(507): CodeIgniter\CodeIgniter->runController(Object(App\Controllers\admin_con\AdminController))
 7 SYSTEMPATH\CodeIgniter.php(354): CodeIgniter\CodeIgniter->handleRequest(null, Object(Config\Cache), false)
 8 SYSTEMPATH\Boot.php(334): CodeIgniter\CodeIgniter->run()
 9 SYSTEMPATH\Boot.php(67): CodeIgniter\Boot::runCodeIgniter(Object(CodeIgniter\CodeIgniter))
10 FCPATH\index.php(56): CodeIgniter\Boot::bootWeb(Object(Config\Paths))
DEBUG - 2025-02-03 07:46:39 --> Session: Class initialized using 'CodeIgniter\Session\Handlers\FileHandler' driver.
DEBUG - 2025-02-03 07:47:03 --> Session: Class initialized using 'CodeIgniter\Session\Handlers\FileHandler' driver.
DEBUG - 2025-02-03 07:49:00 --> Session: Class initialized using 'CodeIgniter\Session\Handlers\FileHandler' driver.
DEBUG - 2025-02-03 07:49:12 --> Session: Class initialized using 'CodeIgniter\Session\Handlers\FileHandler' driver.
DEBUG - 2025-02-03 07:49:30 --> Session: Class initialized using 'CodeIgniter\Session\Handlers\FileHandler' driver.
DEBUG - 2025-02-03 07:50:47 --> Session: Class initialized using 'CodeIgniter\Session\Handlers\FileHandler' driver.
DEBUG - 2025-02-03 07:53:04 --> Session: Class initialized using 'CodeIgniter\Session\Handlers\FileHandler' driver.
DEBUG - 2025-02-03 07:53:07 --> Session: Class initialized using 'CodeIgniter\Session\Handlers\FileHandler' driver.
DEBUG - 2025-02-03 07:53:19 --> Session: Class initialized using 'CodeIgniter\Session\Handlers\FileHandler' driver.
DEBUG - 2025-02-03 08:40:16 --> Session: Class initialized using 'CodeIgniter\Session\Handlers\FileHandler' driver.
DEBUG - 2025-02-03 08:40:19 --> Session: Class initialized using 'CodeIgniter\Session\Handlers\FileHandler' driver.
CRITICAL - 2025-02-03 08:40:20 --> ErrorException: unlink(E:\xamp\htdocs\codigneter4\writable\debugbar/debugbar_1738568463.992572.json): No such file or directory
[Method: GET, Route: /]
in SYSTEMPATH\Debug\Toolbar\Collectors\History.php on line 82.
 1 [internal function]: CodeIgniter\Debug\Exceptions->errorHandler(2, 'unlink(E:\\xamp\\htdocs\\codigneter4\\writable\\debugbar/debugbar_1738568463.992572.json): No such file or directory', 'E:\\xamp\\htdocs\\codigneter4\\system\\Debug\\Toolbar\\Collectors\\History.php', 82)
 2 SYSTEMPATH\Debug\Toolbar\Collectors\History.php(82): unlink('E:\\xamp\\htdocs\\codigneter4\\writable\\debugbar/debugbar_1738568463.992572.json')
 3 SYSTEMPATH\Debug\Toolbar.php(517): CodeIgniter\Debug\Toolbar\Collectors\History->setFiles('1738572018.137491', 20)
 4 SYSTEMPATH\Debug\Toolbar.php(496): CodeIgniter\Debug\Toolbar->format([...], 'html')
 5 APPPATH\Config\Events.php(47): CodeIgniter\Debug\Toolbar->respond()
 6 SYSTEMPATH\Events\Events.php(155): CodeIgniter\Events\Events::Config\{closure}()
 7 SYSTEMPATH\CodeIgniter.php(339): CodeIgniter\Events\Events::trigger('pre_system')
 8 SYSTEMPATH\Boot.php(334): CodeIgniter\CodeIgniter->run()
 9 SYSTEMPATH\Boot.php(67): CodeIgniter\Boot::runCodeIgniter(Object(CodeIgniter\CodeIgniter))
10 FCPATH\index.php(56): CodeIgniter\Boot::bootWeb(Object(Config\Paths))
DEBUG - 2025-02-03 08:40:43 --> Session: Class initialized using 'CodeIgniter\Session\Handlers\FileHandler' driver.
CRITICAL - 2025-02-03 08:40:43 --> ErrorException: Undefined variable $sessionData
[Method: GET, Route: admin/edit_profile]
in APPPATH\Views\admin\include\topbar.php on line 43.
 1 APPPATH\Views\admin\include\topbar.php(43): CodeIgniter\Debug\Exceptions->errorHandler(2, 'Undefined variable $sessionData', 'E:\\xamp\\htdocs\\codigneter4\\app\\Views\\admin\\include\\topbar.php', 43)
 2 SYSTEMPATH\View\View.php(224): include('E:\\xamp\\htdocs\\codigneter4\\app\\Views\\admin\\include\\topbar.php')
 3 SYSTEMPATH\View\View.php(227): CodeIgniter\View\View->CodeIgniter\View\{closure}()
 4 SYSTEMPATH\Common.php(1173): CodeIgniter\View\View->render('admin/include/topbar', [], true)
 5 APPPATH\Views\admin\edit-profile.php(7): view('admin/include/topbar')
 6 SYSTEMPATH\View\View.php(224): include('E:\\xamp\\htdocs\\codigneter4\\app\\Views\\admin\\edit-profile.php')
 7 SYSTEMPATH\View\View.php(227): CodeIgniter\View\View->CodeIgniter\View\{closure}()
 8 SYSTEMPATH\Common.php(1173): CodeIgniter\View\View->render('admin/edit-profile', [], true)
 9 APPPATH\Controllers\admin_con\AdminController.php(112): view('admin/edit-profile')
10 SYSTEMPATH\CodeIgniter.php(933): App\Controllers\admin_con\AdminController->edit_profile()
11 SYSTEMPATH\CodeIgniter.php(507): CodeIgniter\CodeIgniter->runController(Object(App\Controllers\admin_con\AdminController))
12 SYSTEMPATH\CodeIgniter.php(354): CodeIgniter\CodeIgniter->handleRequest(null, Object(Config\Cache), false)
13 SYSTEMPATH\Boot.php(334): CodeIgniter\CodeIgniter->run()
14 SYSTEMPATH\Boot.php(67): CodeIgniter\Boot::runCodeIgniter(Object(CodeIgniter\CodeIgniter))
15 FCPATH\index.php(56): CodeIgniter\Boot::bootWeb(Object(Config\Paths))
DEBUG - 2025-02-03 08:42:02 --> Session: Class initialized using 'CodeIgniter\Session\Handlers\FileHandler' driver.
CRITICAL - 2025-02-03 08:42:02 --> ErrorException: Undefined variable $page_title
[Method: GET, Route: admin/edit_profile]
in APPPATH\Views\admin\edit-profile.php on line 10.
 1 APPPATH\Views\admin\edit-profile.php(10): CodeIgniter\Debug\Exceptions->errorHandler(2, 'Undefined variable $page_title', 'E:\\xamp\\htdocs\\codigneter4\\app\\Views\\admin\\edit-profile.php', 10)
 2 SYSTEMPATH\View\View.php(224): include('E:\\xamp\\htdocs\\codigneter4\\app\\Views\\admin\\edit-profile.php')
 3 SYSTEMPATH\View\View.php(227): CodeIgniter\View\View->CodeIgniter\View\{closure}()
 4 SYSTEMPATH\Common.php(1173): CodeIgniter\View\View->render('admin/edit-profile', [], true)
 5 APPPATH\Controllers\admin_con\AdminController.php(112): view('admin/edit-profile')
 6 SYSTEMPATH\CodeIgniter.php(933): App\Controllers\admin_con\AdminController->edit_profile()
 7 SYSTEMPATH\CodeIgniter.php(507): CodeIgniter\CodeIgniter->runController(Object(App\Controllers\admin_con\AdminController))
 8 SYSTEMPATH\CodeIgniter.php(354): CodeIgniter\CodeIgniter->handleRequest(null, Object(Config\Cache), false)
 9 SYSTEMPATH\Boot.php(334): CodeIgniter\CodeIgniter->run()
10 SYSTEMPATH\Boot.php(67): CodeIgniter\Boot::runCodeIgniter(Object(CodeIgniter\CodeIgniter))
11 FCPATH\index.php(56): CodeIgniter\Boot::bootWeb(Object(Config\Paths))
DEBUG - 2025-02-03 08:42:21 --> Session: Class initialized using 'CodeIgniter\Session\Handlers\FileHandler' driver.
CRITICAL - 2025-02-03 08:42:21 --> ErrorException: Undefined variable $EDITDATA
[Method: GET, Route: admin/edit_profile]
in APPPATH\Views\admin\edit-profile.php on line 17.
 1 APPPATH\Views\admin\edit-profile.php(17): CodeIgniter\Debug\Exceptions->errorHandler(2, 'Undefined variable $EDITDATA', 'E:\\xamp\\htdocs\\codigneter4\\app\\Views\\admin\\edit-profile.php', 17)
 2 SYSTEMPATH\View\View.php(224): include('E:\\xamp\\htdocs\\codigneter4\\app\\Views\\admin\\edit-profile.php')
 3 SYSTEMPATH\View\View.php(227): CodeIgniter\View\View->CodeIgniter\View\{closure}()
 4 SYSTEMPATH\Common.php(1173): CodeIgniter\View\View->render('admin/edit-profile', [], true)
 5 APPPATH\Controllers\admin_con\AdminController.php(112): view('admin/edit-profile')
 6 SYSTEMPATH\CodeIgniter.php(933): App\Controllers\admin_con\AdminController->edit_profile()
 7 SYSTEMPATH\CodeIgniter.php(507): CodeIgniter\CodeIgniter->runController(Object(App\Controllers\admin_con\AdminController))
 8 SYSTEMPATH\CodeIgniter.php(354): CodeIgniter\CodeIgniter->handleRequest(null, Object(Config\Cache), false)
 9 SYSTEMPATH\Boot.php(334): CodeIgniter\CodeIgniter->run()
10 SYSTEMPATH\Boot.php(67): CodeIgniter\Boot::runCodeIgniter(Object(CodeIgniter\CodeIgniter))
11 FCPATH\index.php(56): CodeIgniter\Boot::bootWeb(Object(Config\Paths))
DEBUG - 2025-02-03 08:43:04 --> Session: Class initialized using 'CodeIgniter\Session\Handlers\FileHandler' driver.
CRITICAL - 2025-02-03 08:43:04 --> Error: Cannot use object of type stdClass as array
[Method: GET, Route: admin/edit_profile]
in APPPATH\Views\admin\edit-profile.php on line 17.
 1 SYSTEMPATH\View\View.php(224): include()
 2 SYSTEMPATH\View\View.php(227): CodeIgniter\View\View->CodeIgniter\View\{closure}()
 3 SYSTEMPATH\Common.php(1173): CodeIgniter\View\View->render('admin/edit-profile', [], true)
 4 APPPATH\Controllers\admin_con\AdminController.php(113): view('admin/edit-profile', [...])
 5 SYSTEMPATH\CodeIgniter.php(933): App\Controllers\admin_con\AdminController->edit_profile()
 6 SYSTEMPATH\CodeIgniter.php(507): CodeIgniter\CodeIgniter->runController(Object(App\Controllers\admin_con\AdminController))
 7 SYSTEMPATH\CodeIgniter.php(354): CodeIgniter\CodeIgniter->handleRequest(null, Object(Config\Cache), false)
 8 SYSTEMPATH\Boot.php(334): CodeIgniter\CodeIgniter->run()
 9 SYSTEMPATH\Boot.php(67): CodeIgniter\Boot::runCodeIgniter(Object(CodeIgniter\CodeIgniter))
10 FCPATH\index.php(56): CodeIgniter\Boot::bootWeb(Object(Config\Paths))
DEBUG - 2025-02-03 08:43:20 --> Session: Class initialized using 'CodeIgniter\Session\Handlers\FileHandler' driver.
CRITICAL - 2025-02-03 08:43:20 --> ErrorException: Undefined variable $upload_path
[Method: GET, Route: admin/edit_profile]
in APPPATH\Views\admin\edit-profile.php on line 88.
 1 APPPATH\Views\admin\edit-profile.php(88): CodeIgniter\Debug\Exceptions->errorHandler(2, 'Undefined variable $upload_path', 'E:\\xamp\\htdocs\\codigneter4\\app\\Views\\admin\\edit-profile.php', 88)
 2 SYSTEMPATH\View\View.php(224): include('E:\\xamp\\htdocs\\codigneter4\\app\\Views\\admin\\edit-profile.php')
 3 SYSTEMPATH\View\View.php(227): CodeIgniter\View\View->CodeIgniter\View\{closure}()
 4 SYSTEMPATH\Common.php(1173): CodeIgniter\View\View->render('admin/edit-profile', [], true)
 5 APPPATH\Controllers\admin_con\AdminController.php(113): view('admin/edit-profile', [...])
 6 SYSTEMPATH\CodeIgniter.php(933): App\Controllers\admin_con\AdminController->edit_profile()
 7 SYSTEMPATH\CodeIgniter.php(507): CodeIgniter\CodeIgniter->runController(Object(App\Controllers\admin_con\AdminController))
 8 SYSTEMPATH\CodeIgniter.php(354): CodeIgniter\CodeIgniter->handleRequest(null, Object(Config\Cache), false)
 9 SYSTEMPATH\Boot.php(334): CodeIgniter\CodeIgniter->run()
10 SYSTEMPATH\Boot.php(67): CodeIgniter\Boot::runCodeIgniter(Object(CodeIgniter\CodeIgniter))
11 FCPATH\index.php(56): CodeIgniter\Boot::bootWeb(Object(Config\Paths))
DEBUG - 2025-02-03 08:43:36 --> Session: Class initialized using 'CodeIgniter\Session\Handlers\FileHandler' driver.
DEBUG - 2025-02-03 08:43:49 --> Session: Class initialized using 'CodeIgniter\Session\Handlers\FileHandler' driver.
DEBUG - 2025-02-03 08:49:18 --> Session: Class initialized using 'CodeIgniter\Session\Handlers\FileHandler' driver.
DEBUG - 2025-02-03 08:54:36 --> Session: Class initialized using 'CodeIgniter\Session\Handlers\FileHandler' driver.
CRITICAL - 2025-02-03 08:54:37 --> Error: Call to a member function isValid() on null
[Method: GET, Route: admin/edit_profile]
in APPPATH\Controllers\admin_con\AdminController.php on line 103.
 1 SYSTEMPATH\CodeIgniter.php(933): App\Controllers\admin_con\AdminController->edit_profile()
 2 SYSTEMPATH\CodeIgniter.php(507): CodeIgniter\CodeIgniter->runController(Object(App\Controllers\admin_con\AdminController))
 3 SYSTEMPATH\CodeIgniter.php(354): CodeIgniter\CodeIgniter->handleRequest(null, Object(Config\Cache), false)
 4 SYSTEMPATH\Boot.php(334): CodeIgniter\CodeIgniter->run()
 5 SYSTEMPATH\Boot.php(67): CodeIgniter\Boot::runCodeIgniter(Object(CodeIgniter\CodeIgniter))
 6 FCPATH\index.php(56): CodeIgniter\Boot::bootWeb(Object(Config\Paths))
CRITICAL - 2025-02-03 08:55:58 --> ParseError: syntax error, unexpected token "!", expecting "("
[Method: GET, Route: admin/edit_profile]
in APPPATH\Controllers\admin_con\AdminController.php on line 104.
 1 SYSTEMPATH\Autoloader\Autoloader.php(295): CodeIgniter\Autoloader\Autoloader->includeFile('E:\\xamp\\htdocs\\codigneter4\\app\\Controllers\\admin_con\\AdminController.php')
 2 SYSTEMPATH\Autoloader\Autoloader.php(271): CodeIgniter\Autoloader\Autoloader->loadInNamespace('App\\Controllers\\admin_con\\AdminController')
 3 [internal function]: CodeIgniter\Autoloader\Autoloader->loadClass('App\\Controllers\\admin_con\\AdminController')
 4 SYSTEMPATH\CodeIgniter.php(885): class_exists('\\App\\Controllers\\admin_con\\AdminController', true)
 5 SYSTEMPATH\CodeIgniter.php(494): CodeIgniter\CodeIgniter->startController()
 6 SYSTEMPATH\CodeIgniter.php(354): CodeIgniter\CodeIgniter->handleRequest(null, Object(Config\Cache), false)
 7 SYSTEMPATH\Boot.php(334): CodeIgniter\CodeIgniter->run()
 8 SYSTEMPATH\Boot.php(67): CodeIgniter\Boot::runCodeIgniter(Object(CodeIgniter\CodeIgniter))
 9 FCPATH\index.php(56): CodeIgniter\Boot::bootWeb(Object(Config\Paths))
DEBUG - 2025-02-03 08:56:10 --> Session: Class initialized using 'CodeIgniter\Session\Handlers\FileHandler' driver.
CRITICAL - 2025-02-03 08:56:10 --> ErrorException: Undefined variable $newName
[Method: GET, Route: admin/edit_profile]
in APPPATH\Controllers\admin_con\AdminController.php on line 145.
 1 APPPATH\Controllers\admin_con\AdminController.php(145): CodeIgniter\Debug\Exceptions->errorHandler(2, 'Undefined variable $newName', 'E:\\xamp\\htdocs\\codigneter4\\app\\Controllers\\admin_con\\AdminController.php', 145)
 2 SYSTEMPATH\CodeIgniter.php(933): App\Controllers\admin_con\AdminController->edit_profile()
 3 SYSTEMPATH\CodeIgniter.php(507): CodeIgniter\CodeIgniter->runController(Object(App\Controllers\admin_con\AdminController))
 4 SYSTEMPATH\CodeIgniter.php(354): CodeIgniter\CodeIgniter->handleRequest(null, Object(Config\Cache), false)
 5 SYSTEMPATH\Boot.php(334): CodeIgniter\CodeIgniter->run()
 6 SYSTEMPATH\Boot.php(67): CodeIgniter\Boot::runCodeIgniter(Object(CodeIgniter\CodeIgniter))
 7 FCPATH\index.php(56): CodeIgniter\Boot::bootWeb(Object(Config\Paths))
DEBUG - 2025-02-03 08:56:50 --> Session: Class initialized using 'CodeIgniter\Session\Handlers\FileHandler' driver.
CRITICAL - 2025-02-03 08:56:50 --> Error: Call to a member function isValid() on null
[Method: GET, Route: admin/edit_profile]
in APPPATH\Controllers\admin_con\AdminController.php on line 107.
 1 SYSTEMPATH\CodeIgniter.php(933): App\Controllers\admin_con\AdminController->edit_profile()
 2 SYSTEMPATH\CodeIgniter.php(507): CodeIgniter\CodeIgniter->runController(Object(App\Controllers\admin_con\AdminController))
 3 SYSTEMPATH\CodeIgniter.php(354): CodeIgniter\CodeIgniter->handleRequest(null, Object(Config\Cache), false)
 4 SYSTEMPATH\Boot.php(334): CodeIgniter\CodeIgniter->run()
 5 SYSTEMPATH\Boot.php(67): CodeIgniter\Boot::runCodeIgniter(Object(CodeIgniter\CodeIgniter))
 6 FCPATH\index.php(56): CodeIgniter\Boot::bootWeb(Object(Config\Paths))
DEBUG - 2025-02-03 08:57:54 --> Session: Class initialized using 'CodeIgniter\Session\Handlers\FileHandler' driver.
CRITICAL - 2025-02-03 08:57:54 --> Error: Call to a member function getName() on null
[Method: GET, Route: admin/edit_profile]
in APPPATH\Controllers\admin_con\AdminController.php on line 106.
 1 SYSTEMPATH\CodeIgniter.php(933): App\Controllers\admin_con\AdminController->edit_profile()
 2 SYSTEMPATH\CodeIgniter.php(507): CodeIgniter\CodeIgniter->runController(Object(App\Controllers\admin_con\AdminController))
 3 SYSTEMPATH\CodeIgniter.php(354): CodeIgniter\CodeIgniter->handleRequest(null, Object(Config\Cache), false)
 4 SYSTEMPATH\Boot.php(334): CodeIgniter\CodeIgniter->run()
 5 SYSTEMPATH\Boot.php(67): CodeIgniter\Boot::runCodeIgniter(Object(CodeIgniter\CodeIgniter))
 6 FCPATH\index.php(56): CodeIgniter\Boot::bootWeb(Object(Config\Paths))
DEBUG - 2025-02-03 08:58:06 --> Session: Class initialized using 'CodeIgniter\Session\Handlers\FileHandler' driver.
CRITICAL - 2025-02-03 08:58:06 --> Error: Call to a member function getRandomName() on null
[Method: GET, Route: admin/edit_profile]
in APPPATH\Controllers\admin_con\AdminController.php on line 108.
 1 SYSTEMPATH\CodeIgniter.php(933): App\Controllers\admin_con\AdminController->edit_profile()
 2 SYSTEMPATH\CodeIgniter.php(507): CodeIgniter\CodeIgniter->runController(Object(App\Controllers\admin_con\AdminController))
 3 SYSTEMPATH\CodeIgniter.php(354): CodeIgniter\CodeIgniter->handleRequest(null, Object(Config\Cache), false)
 4 SYSTEMPATH\Boot.php(334): CodeIgniter\CodeIgniter->run()
 5 SYSTEMPATH\Boot.php(67): CodeIgniter\Boot::runCodeIgniter(Object(CodeIgniter\CodeIgniter))
 6 FCPATH\index.php(56): CodeIgniter\Boot::bootWeb(Object(Config\Paths))
DEBUG - 2025-02-03 08:58:13 --> Session: Class initialized using 'CodeIgniter\Session\Handlers\FileHandler' driver.
CRITICAL - 2025-02-03 08:58:13 --> Error: Call to a member function time() on null
[Method: GET, Route: admin/edit_profile]
in APPPATH\Controllers\admin_con\AdminController.php on line 108.
 1 SYSTEMPATH\CodeIgniter.php(933): App\Controllers\admin_con\AdminController->edit_profile()
 2 SYSTEMPATH\CodeIgniter.php(507): CodeIgniter\CodeIgniter->runController(Object(App\Controllers\admin_con\AdminController))
 3 SYSTEMPATH\CodeIgniter.php(354): CodeIgniter\CodeIgniter->handleRequest(null, Object(Config\Cache), false)
 4 SYSTEMPATH\Boot.php(334): CodeIgniter\CodeIgniter->run()
 5 SYSTEMPATH\Boot.php(67): CodeIgniter\Boot::runCodeIgniter(Object(CodeIgniter\CodeIgniter))
 6 FCPATH\index.php(56): CodeIgniter\Boot::bootWeb(Object(Config\Paths))
DEBUG - 2025-02-03 08:58:21 --> Session: Class initialized using 'CodeIgniter\Session\Handlers\FileHandler' driver.
CRITICAL - 2025-02-03 08:58:21 --> Error: Call to a member function move() on null
[Method: GET, Route: admin/edit_profile]
in APPPATH\Controllers\admin_con\AdminController.php on line 109.
 1 SYSTEMPATH\CodeIgniter.php(933): App\Controllers\admin_con\AdminController->edit_profile()
 2 SYSTEMPATH\CodeIgniter.php(507): CodeIgniter\CodeIgniter->runController(Object(App\Controllers\admin_con\AdminController))
 3 SYSTEMPATH\CodeIgniter.php(354): CodeIgniter\CodeIgniter->handleRequest(null, Object(Config\Cache), false)
 4 SYSTEMPATH\Boot.php(334): CodeIgniter\CodeIgniter->run()
 5 SYSTEMPATH\Boot.php(67): CodeIgniter\Boot::runCodeIgniter(Object(CodeIgniter\CodeIgniter))
 6 FCPATH\index.php(56): CodeIgniter\Boot::bootWeb(Object(Config\Paths))
DEBUG - 2025-02-03 09:00:41 --> Session: Class initialized using 'CodeIgniter\Session\Handlers\FileHandler' driver.
CRITICAL - 2025-02-03 09:00:41 --> ErrorException: Undefined variable $newName
[Method: GET, Route: admin/edit_profile]
in APPPATH\Controllers\admin_con\AdminController.php on line 148.
 1 APPPATH\Controllers\admin_con\AdminController.php(148): CodeIgniter\Debug\Exceptions->errorHandler(2, 'Undefined variable $newName', 'E:\\xamp\\htdocs\\codigneter4\\app\\Controllers\\admin_con\\AdminController.php', 148)
 2 SYSTEMPATH\CodeIgniter.php(933): App\Controllers\admin_con\AdminController->edit_profile()
 3 SYSTEMPATH\CodeIgniter.php(507): CodeIgniter\CodeIgniter->runController(Object(App\Controllers\admin_con\AdminController))
 4 SYSTEMPATH\CodeIgniter.php(354): CodeIgniter\CodeIgniter->handleRequest(null, Object(Config\Cache), false)
 5 SYSTEMPATH\Boot.php(334): CodeIgniter\CodeIgniter->run()
 6 SYSTEMPATH\Boot.php(67): CodeIgniter\Boot::runCodeIgniter(Object(CodeIgniter\CodeIgniter))
 7 FCPATH\index.php(56): CodeIgniter\Boot::bootWeb(Object(Config\Paths))
DEBUG - 2025-02-03 09:00:53 --> Session: Class initialized using 'CodeIgniter\Session\Handlers\FileHandler' driver.
DEBUG - 2025-02-03 09:01:24 --> Session: Class initialized using 'CodeIgniter\Session\Handlers\FileHandler' driver.
DEBUG - 2025-02-03 09:01:47 --> Session: Class initialized using 'CodeIgniter\Session\Handlers\FileHandler' driver.
DEBUG - 2025-02-03 09:02:01 --> Session: Class initialized using 'CodeIgniter\Session\Handlers\FileHandler' driver.
DEBUG - 2025-02-03 09:02:17 --> Session: Class initialized using 'CodeIgniter\Session\Handlers\FileHandler' driver.
DEBUG - 2025-02-03 09:02:19 --> Session: Class initialized using 'CodeIgniter\Session\Handlers\FileHandler' driver.
DEBUG - 2025-02-03 09:02:33 --> Session: Class initialized using 'CodeIgniter\Session\Handlers\FileHandler' driver.
DEBUG - 2025-02-03 09:02:33 --> Session: Class initialized using 'CodeIgniter\Session\Handlers\FileHandler' driver.
DEBUG - 2025-02-03 09:02:36 --> Session: Class initialized using 'CodeIgniter\Session\Handlers\FileHandler' driver.
DEBUG - 2025-02-03 09:02:37 --> Session: Class initialized using 'CodeIgniter\Session\Handlers\FileHandler' driver.
DEBUG - 2025-02-03 09:02:38 --> Session: Class initialized using 'CodeIgniter\Session\Handlers\FileHandler' driver.
DEBUG - 2025-02-03 09:02:38 --> Session: Class initialized using 'CodeIgniter\Session\Handlers\FileHandler' driver.
DEBUG - 2025-02-03 09:02:42 --> Session: Class initialized using 'CodeIgniter\Session\Handlers\FileHandler' driver.
DEBUG - 2025-02-03 09:02:42 --> Session: Class initialized using 'CodeIgniter\Session\Handlers\FileHandler' driver.
DEBUG - 2025-02-03 09:02:47 --> Session: Class initialized using 'CodeIgniter\Session\Handlers\FileHandler' driver.
DEBUG - 2025-02-03 09:02:47 --> Session: Class initialized using 'CodeIgniter\Session\Handlers\FileHandler' driver.
DEBUG - 2025-02-03 09:03:09 --> Session: Class initialized using 'CodeIgniter\Session\Handlers\FileHandler' driver.
DEBUG - 2025-02-03 09:03:09 --> Session: Class initialized using 'CodeIgniter\Session\Handlers\FileHandler' driver.
DEBUG - 2025-02-03 09:03:30 --> Session: Class initialized using 'CodeIgniter\Session\Handlers\FileHandler' driver.
DEBUG - 2025-02-03 09:03:40 --> Session: Class initialized using 'CodeIgniter\Session\Handlers\FileHandler' driver.
DEBUG - 2025-02-03 09:05:31 --> Session: Class initialized using 'CodeIgniter\Session\Handlers\FileHandler' driver.
CRITICAL - 2025-02-03 09:05:31 --> ErrorException: Undefined variable $bpassword
[Method: POST, Route: admin/edit_profile]
in APPPATH\Controllers\admin_con\AdminController.php on line 142.
 1 APPPATH\Controllers\admin_con\AdminController.php(142): CodeIgniter\Debug\Exceptions->errorHandler(2, 'Undefined variable $bpassword', 'E:\\xamp\\htdocs\\codigneter4\\app\\Controllers\\admin_con\\AdminController.php', 142)
 2 SYSTEMPATH\CodeIgniter.php(933): App\Controllers\admin_con\AdminController->edit_profile()
 3 SYSTEMPATH\CodeIgniter.php(507): CodeIgniter\CodeIgniter->runController(Object(App\Controllers\admin_con\AdminController))
 4 SYSTEMPATH\CodeIgniter.php(354): CodeIgniter\CodeIgniter->handleRequest(null, Object(Config\Cache), false)
 5 SYSTEMPATH\Boot.php(334): CodeIgniter\CodeIgniter->run()
 6 SYSTEMPATH\Boot.php(67): CodeIgniter\Boot::runCodeIgniter(Object(CodeIgniter\CodeIgniter))
 7 FCPATH\index.php(56): CodeIgniter\Boot::bootWeb(Object(Config\Paths))
DEBUG - 2025-02-03 09:05:44 --> Session: Class initialized using 'CodeIgniter\Session\Handlers\FileHandler' driver.
DEBUG - 2025-02-03 09:05:59 --> Session: Class initialized using 'CodeIgniter\Session\Handlers\FileHandler' driver.
DEBUG - 2025-02-03 09:06:05 --> Session: Class initialized using 'CodeIgniter\Session\Handlers\FileHandler' driver.
DEBUG - 2025-02-03 09:06:12 --> Session: Class initialized using 'CodeIgniter\Session\Handlers\FileHandler' driver.
DEBUG - 2025-02-03 09:06:25 --> Session: Class initialized using 'CodeIgniter\Session\Handlers\FileHandler' driver.
DEBUG - 2025-02-03 09:06:33 --> Session: Class initialized using 'CodeIgniter\Session\Handlers\FileHandler' driver.
DEBUG - 2025-02-03 09:06:47 --> Session: Class initialized using 'CodeIgniter\Session\Handlers\FileHandler' driver.
DEBUG - 2025-02-03 09:06:54 --> Session: Class initialized using 'CodeIgniter\Session\Handlers\FileHandler' driver.
DEBUG - 2025-02-03 09:06:55 --> Session: Class initialized using 'CodeIgniter\Session\Handlers\FileHandler' driver.
DEBUG - 2025-02-03 09:07:03 --> Session: Class initialized using 'CodeIgniter\Session\Handlers\FileHandler' driver.
DEBUG - 2025-02-03 09:07:05 --> Session: Class initialized using 'CodeIgniter\Session\Handlers\FileHandler' driver.
DEBUG - 2025-02-03 09:07:46 --> Session: Class initialized using 'CodeIgniter\Session\Handlers\FileHandler' driver.
DEBUG - 2025-02-03 09:07:57 --> Session: Class initialized using 'CodeIgniter\Session\Handlers\FileHandler' driver.
DEBUG - 2025-02-03 09:08:13 --> Session: Class initialized using 'CodeIgniter\Session\Handlers\FileHandler' driver.
DEBUG - 2025-02-03 09:08:25 --> Session: Class initialized using 'CodeIgniter\Session\Handlers\FileHandler' driver.
DEBUG - 2025-02-03 09:08:33 --> Session: Class initialized using 'CodeIgniter\Session\Handlers\FileHandler' driver.
DEBUG - 2025-02-03 09:08:35 --> Session: Class initialized using 'CodeIgniter\Session\Handlers\FileHandler' driver.
DEBUG - 2025-02-03 09:08:43 --> Session: Class initialized using 'CodeIgniter\Session\Handlers\FileHandler' driver.
CRITICAL - 2025-02-03 09:08:43 --> ErrorException: fopen(http://localhost/codigneter4/uploads/index.html): Failed to open stream: HTTP wrapper does not support writeable connections
[Method: POST, Route: admin/edit_profile]
in SYSTEMPATH\HTTP\Files\UploadedFile.php on line 184.
 1 [internal function]: CodeIgniter\Debug\Exceptions->errorHandler(2, 'fopen(http://localhost/codigneter4/uploads/index.html): Failed to open stream: HTTP wrapper does not support writeable connections', 'E:\\xamp\\htdocs\\codigneter4\\system\\HTTP\\Files\\UploadedFile.php', 184)
 2 SYSTEMPATH\HTTP\Files\UploadedFile.php(184): fopen('http://localhost/codigneter4/uploads/index.html', 'x+b')
 3 SYSTEMPATH\HTTP\Files\UploadedFile.php(135): CodeIgniter\HTTP\Files\UploadedFile->setPath('http://localhost/codigneter4/uploads/')
 4 APPPATH\Controllers\admin_con\AdminController.php(111): CodeIgniter\HTTP\Files\UploadedFile->move('http://localhost/codigneter4/uploads/', '1738573723.jpeg')
 5 SYSTEMPATH\CodeIgniter.php(933): App\Controllers\admin_con\AdminController->edit_profile()
 6 SYSTEMPATH\CodeIgniter.php(507): CodeIgniter\CodeIgniter->runController(Object(App\Controllers\admin_con\AdminController))
 7 SYSTEMPATH\CodeIgniter.php(354): CodeIgniter\CodeIgniter->handleRequest(null, Object(Config\Cache), false)
 8 SYSTEMPATH\Boot.php(334): CodeIgniter\CodeIgniter->run()
 9 SYSTEMPATH\Boot.php(67): CodeIgniter\Boot::runCodeIgniter(Object(CodeIgniter\CodeIgniter))
10 FCPATH\index.php(56): CodeIgniter\Boot::bootWeb(Object(Config\Paths))
DEBUG - 2025-02-03 09:09:26 --> Session: Class initialized using 'CodeIgniter\Session\Handlers\FileHandler' driver.
DEBUG - 2025-02-03 09:09:33 --> Session: Class initialized using 'CodeIgniter\Session\Handlers\FileHandler' driver.
DEBUG - 2025-02-03 09:12:32 --> Session: Class initialized using 'CodeIgniter\Session\Handlers\FileHandler' driver.
CRITICAL - 2025-02-03 09:12:32 --> Error: Call to a member function isValid() on null
[Method: GET, Route: admin/edit_profile]
in APPPATH\Controllers\admin_con\AdminController.php on line 108.
 1 SYSTEMPATH\CodeIgniter.php(933): App\Controllers\admin_con\AdminController->edit_profile()
 2 SYSTEMPATH\CodeIgniter.php(507): CodeIgniter\CodeIgniter->runController(Object(App\Controllers\admin_con\AdminController))
 3 SYSTEMPATH\CodeIgniter.php(354): CodeIgniter\CodeIgniter->handleRequest(null, Object(Config\Cache), false)
 4 SYSTEMPATH\Boot.php(334): CodeIgniter\CodeIgniter->run()
 5 SYSTEMPATH\Boot.php(67): CodeIgniter\Boot::runCodeIgniter(Object(CodeIgniter\CodeIgniter))
 6 FCPATH\index.php(56): CodeIgniter\Boot::bootWeb(Object(Config\Paths))
DEBUG - 2025-02-03 09:12:43 --> Session: Class initialized using 'CodeIgniter\Session\Handlers\FileHandler' driver.
DEBUG - 2025-02-03 09:13:10 --> Session: Class initialized using 'CodeIgniter\Session\Handlers\FileHandler' driver.
DEBUG - 2025-02-03 09:13:14 --> Session: Class initialized using 'CodeIgniter\Session\Handlers\FileHandler' driver.
DEBUG - 2025-02-03 09:13:26 --> Session: Class initialized using 'CodeIgniter\Session\Handlers\FileHandler' driver.
CRITICAL - 2025-02-03 09:13:26 --> ErrorException: fopen(http://localhost/codigneter4/uploads/index.html): Failed to open stream: HTTP wrapper does not support writeable connections
[Method: POST, Route: admin/edit_profile]
in SYSTEMPATH\HTTP\Files\UploadedFile.php on line 184.
 1 [internal function]: CodeIgniter\Debug\Exceptions->errorHandler(2, 'fopen(http://localhost/codigneter4/uploads/index.html): Failed to open stream: HTTP wrapper does not support writeable connections', 'E:\\xamp\\htdocs\\codigneter4\\system\\HTTP\\Files\\UploadedFile.php', 184)
 2 SYSTEMPATH\HTTP\Files\UploadedFile.php(184): fopen('http://localhost/codigneter4/uploads/index.html', 'x+b')
 3 SYSTEMPATH\HTTP\Files\UploadedFile.php(135): CodeIgniter\HTTP\Files\UploadedFile->setPath('http://localhost/codigneter4/uploads/')
 4 APPPATH\Controllers\admin_con\AdminController.php(111): CodeIgniter\HTTP\Files\UploadedFile->move('http://localhost/codigneter4/uploads/', '1738574006.jpeg')
 5 SYSTEMPATH\CodeIgniter.php(933): App\Controllers\admin_con\AdminController->edit_profile()
 6 SYSTEMPATH\CodeIgniter.php(507): CodeIgniter\CodeIgniter->runController(Object(App\Controllers\admin_con\AdminController))
 7 SYSTEMPATH\CodeIgniter.php(354): CodeIgniter\CodeIgniter->handleRequest(null, Object(Config\Cache), false)
 8 SYSTEMPATH\Boot.php(334): CodeIgniter\CodeIgniter->run()
 9 SYSTEMPATH\Boot.php(67): CodeIgniter\Boot::runCodeIgniter(Object(CodeIgniter\CodeIgniter))
10 FCPATH\index.php(56): CodeIgniter\Boot::bootWeb(Object(Config\Paths))
DEBUG - 2025-02-03 09:14:19 --> Session: Class initialized using 'CodeIgniter\Session\Handlers\FileHandler' driver.
DEBUG - 2025-02-03 09:14:30 --> Session: Class initialized using 'CodeIgniter\Session\Handlers\FileHandler' driver.
DEBUG - 2025-02-03 09:14:42 --> Session: Class initialized using 'CodeIgniter\Session\Handlers\FileHandler' driver.
DEBUG - 2025-02-03 09:15:06 --> Session: Class initialized using 'CodeIgniter\Session\Handlers\FileHandler' driver.
DEBUG - 2025-02-03 09:15:40 --> Session: Class initialized using 'CodeIgniter\Session\Handlers\FileHandler' driver.
DEBUG - 2025-02-03 09:16:00 --> Session: Class initialized using 'CodeIgniter\Session\Handlers\FileHandler' driver.
CRITICAL - 2025-02-03 09:16:00 --> Error: Undefined constant "App\Controllers\admin_con\FCAPPTH"
[Method: GET, Route: admin/edit_profile]
in APPPATH\Controllers\admin_con\AdminController.php on line 104.
 1 SYSTEMPATH\CodeIgniter.php(933): App\Controllers\admin_con\AdminController->edit_profile()
 2 SYSTEMPATH\CodeIgniter.php(507): CodeIgniter\CodeIgniter->runController(Object(App\Controllers\admin_con\AdminController))
 3 SYSTEMPATH\CodeIgniter.php(354): CodeIgniter\CodeIgniter->handleRequest(null, Object(Config\Cache), false)
 4 SYSTEMPATH\Boot.php(334): CodeIgniter\CodeIgniter->run()
 5 SYSTEMPATH\Boot.php(67): CodeIgniter\Boot::runCodeIgniter(Object(CodeIgniter\CodeIgniter))
 6 FCPATH\index.php(56): CodeIgniter\Boot::bootWeb(Object(Config\Paths))
DEBUG - 2025-02-03 09:16:20 --> Session: Class initialized using 'CodeIgniter\Session\Handlers\FileHandler' driver.
DEBUG - 2025-02-03 09:16:27 --> Session: Class initialized using 'CodeIgniter\Session\Handlers\FileHandler' driver.
DEBUG - 2025-02-03 09:16:31 --> Session: Class initialized using 'CodeIgniter\Session\Handlers\FileHandler' driver.
DEBUG - 2025-02-03 09:16:44 --> Session: Class initialized using 'CodeIgniter\Session\Handlers\FileHandler' driver.
DEBUG - 2025-02-03 09:16:54 --> Session: Class initialized using 'CodeIgniter\Session\Handlers\FileHandler' driver.
DEBUG - 2025-02-03 09:16:59 --> Session: Class initialized using 'CodeIgniter\Session\Handlers\FileHandler' driver.
DEBUG - 2025-02-03 09:17:02 --> Session: Class initialized using 'CodeIgniter\Session\Handlers\FileHandler' driver.
DEBUG - 2025-02-03 09:19:55 --> Session: Class initialized using 'CodeIgniter\Session\Handlers\FileHandler' driver.
CRITICAL - 2025-02-03 09:19:55 --> ErrorException: Undefined variable $sessionData
[Method: GET, Route: admin/edit_profile]
in APPPATH\Controllers\admin_con\AdminController.php on line 81.
 1 APPPATH\Controllers\admin_con\AdminController.php(81): CodeIgniter\Debug\Exceptions->errorHandler(2, 'Undefined variable $sessionData', 'E:\\xamp\\htdocs\\codigneter4\\app\\Controllers\\admin_con\\AdminController.php', 81)
 2 SYSTEMPATH\CodeIgniter.php(933): App\Controllers\admin_con\AdminController->edit_profile()
 3 SYSTEMPATH\CodeIgniter.php(507): CodeIgniter\CodeIgniter->runController(Object(App\Controllers\admin_con\AdminController))
 4 SYSTEMPATH\CodeIgniter.php(354): CodeIgniter\CodeIgniter->handleRequest(null, Object(Config\Cache), false)
 5 SYSTEMPATH\Boot.php(334): CodeIgniter\CodeIgniter->run()
 6 SYSTEMPATH\Boot.php(67): CodeIgniter\Boot::runCodeIgniter(Object(CodeIgniter\CodeIgniter))
 7 FCPATH\index.php(56): CodeIgniter\Boot::bootWeb(Object(Config\Paths))
DEBUG - 2025-02-03 09:20:11 --> Session: Class initialized using 'CodeIgniter\Session\Handlers\FileHandler' driver.
CRITICAL - 2025-02-03 09:20:11 --> ErrorException: Undefined variable $EDITDATA
[Method: GET, Route: admin/edit_profile]
in APPPATH\Views\admin\edit-profile.php on line 18.
 1 APPPATH\Views\admin\edit-profile.php(18): CodeIgniter\Debug\Exceptions->errorHandler(2, 'Undefined variable $EDITDATA', 'E:\\xamp\\htdocs\\codigneter4\\app\\Views\\admin\\edit-profile.php', 18)
 2 SYSTEMPATH\View\View.php(224): include('E:\\xamp\\htdocs\\codigneter4\\app\\Views\\admin\\edit-profile.php')
 3 SYSTEMPATH\View\View.php(227): CodeIgniter\View\View->CodeIgniter\View\{closure}()
 4 SYSTEMPATH\Common.php(1173): CodeIgniter\View\View->render('admin/edit-profile', [], true)
 5 APPPATH\Controllers\admin_con\AdminController.php(85): view('admin/edit-profile')
 6 SYSTEMPATH\CodeIgniter.php(933): App\Controllers\admin_con\AdminController->edit_profile()
 7 SYSTEMPATH\CodeIgniter.php(507): CodeIgniter\CodeIgniter->runController(Object(App\Controllers\admin_con\AdminController))
 8 SYSTEMPATH\CodeIgniter.php(354): CodeIgniter\CodeIgniter->handleRequest(null, Object(Config\Cache), false)
 9 SYSTEMPATH\Boot.php(334): CodeIgniter\CodeIgniter->run()
10 SYSTEMPATH\Boot.php(67): CodeIgniter\Boot::runCodeIgniter(Object(CodeIgniter\CodeIgniter))
11 FCPATH\index.php(56): CodeIgniter\Boot::bootWeb(Object(Config\Paths))
DEBUG - 2025-02-03 09:20:45 --> Session: Class initialized using 'CodeIgniter\Session\Handlers\FileHandler' driver.
DEBUG - 2025-02-03 09:20:47 --> Session: Class initialized using 'CodeIgniter\Session\Handlers\FileHandler' driver.
DEBUG - 2025-02-03 09:20:50 --> Session: Class initialized using 'CodeIgniter\Session\Handlers\FileHandler' driver.
DEBUG - 2025-02-03 09:20:56 --> Session: Class initialized using 'CodeIgniter\Session\Handlers\FileHandler' driver.
DEBUG - 2025-02-03 09:21:05 --> Session: Class initialized using 'CodeIgniter\Session\Handlers\FileHandler' driver.
DEBUG - 2025-02-03 09:21:26 --> Session: Class initialized using 'CodeIgniter\Session\Handlers\FileHandler' driver.
DEBUG - 2025-02-03 09:21:57 --> Session: Class initialized using 'CodeIgniter\Session\Handlers\FileHandler' driver.
DEBUG - 2025-02-03 09:22:02 --> Session: Class initialized using 'CodeIgniter\Session\Handlers\FileHandler' driver.
DEBUG - 2025-02-03 09:22:11 --> Session: Class initialized using 'CodeIgniter\Session\Handlers\FileHandler' driver.
DEBUG - 2025-02-03 09:22:12 --> Session: Class initialized using 'CodeIgniter\Session\Handlers\FileHandler' driver.
DEBUG - 2025-02-03 09:22:29 --> Session: Class initialized using 'CodeIgniter\Session\Handlers\FileHandler' driver.
DEBUG - 2025-02-03 09:22:31 --> Session: Class initialized using 'CodeIgniter\Session\Handlers\FileHandler' driver.
CRITICAL - 2025-02-03 09:22:31 --> CodeIgniter\View\Exceptions\ViewException: Invalid file: "admin/edit_profile.php"
[Method: POST, Route: admin/update_edit_profile]
in SYSTEMPATH\Exceptions\FrameworkException.php on line 39.
 1 SYSTEMPATH\View\View.php(212): CodeIgniter\Exceptions\FrameworkException::forInvalidFile('admin/edit_profile.php')
 2 SYSTEMPATH\Common.php(1173): CodeIgniter\View\View->render('admin/edit_profile', [], true)
 3 APPPATH\Controllers\admin_con\AdminController.php(171): view('admin/edit_profile', [...])
 4 SYSTEMPATH\CodeIgniter.php(933): App\Controllers\admin_con\AdminController->update_edit_profile()
 5 SYSTEMPATH\CodeIgniter.php(507): CodeIgniter\CodeIgniter->runController(Object(App\Controllers\admin_con\AdminController))
 6 SYSTEMPATH\CodeIgniter.php(354): CodeIgniter\CodeIgniter->handleRequest(null, Object(Config\Cache), false)
 7 SYSTEMPATH\Boot.php(334): CodeIgniter\CodeIgniter->run()
 8 SYSTEMPATH\Boot.php(67): CodeIgniter\Boot::runCodeIgniter(Object(CodeIgniter\CodeIgniter))
 9 FCPATH\index.php(56): CodeIgniter\Boot::bootWeb(Object(Config\Paths))
DEBUG - 2025-02-03 09:22:41 --> Session: Class initialized using 'CodeIgniter\Session\Handlers\FileHandler' driver.
DEBUG - 2025-02-03 09:22:47 --> Session: Class initialized using 'CodeIgniter\Session\Handlers\FileHandler' driver.
DEBUG - 2025-02-03 09:23:37 --> Session: Class initialized using 'CodeIgniter\Session\Handlers\FileHandler' driver.
DEBUG - 2025-02-03 09:23:39 --> Session: Class initialized using 'CodeIgniter\Session\Handlers\FileHandler' driver.
DEBUG - 2025-02-03 09:23:43 --> Session: Class initialized using 'CodeIgniter\Session\Handlers\FileHandler' driver.
DEBUG - 2025-02-03 09:23:44 --> Session: Class initialized using 'CodeIgniter\Session\Handlers\FileHandler' driver.
DEBUG - 2025-02-03 09:23:50 --> Session: Class initialized using 'CodeIgniter\Session\Handlers\FileHandler' driver.
DEBUG - 2025-02-03 09:23:52 --> Session: Class initialized using 'CodeIgniter\Session\Handlers\FileHandler' driver.
CRITICAL - 2025-02-03 09:23:52 --> ArgumentCountError: Too few arguments to function CodeIgniter\HTTP\RedirectResponse::to(), 0 passed in E:\xamp\htdocs\codigneter4\app\Controllers\admin_con\AdminController.php on line 171 and at least 1 expected
[Method: POST, Route: admin/update_edit_profile]
in SYSTEMPATH\HTTP\RedirectResponse.php on line 35.
 1 APPPATH\Controllers\admin_con\AdminController.php(171): CodeIgniter\HTTP\RedirectResponse->to()
 2 SYSTEMPATH\CodeIgniter.php(933): App\Controllers\admin_con\AdminController->update_edit_profile()
 3 SYSTEMPATH\CodeIgniter.php(507): CodeIgniter\CodeIgniter->runController(Object(App\Controllers\admin_con\AdminController))
 4 SYSTEMPATH\CodeIgniter.php(354): CodeIgniter\CodeIgniter->handleRequest(null, Object(Config\Cache), false)
 5 SYSTEMPATH\Boot.php(334): CodeIgniter\CodeIgniter->run()
 6 SYSTEMPATH\Boot.php(67): CodeIgniter\Boot::runCodeIgniter(Object(CodeIgniter\CodeIgniter))
 7 FCPATH\index.php(56): CodeIgniter\Boot::bootWeb(Object(Config\Paths))
DEBUG - 2025-02-03 09:23:55 --> Session: Class initialized using 'CodeIgniter\Session\Handlers\FileHandler' driver.
DEBUG - 2025-02-03 09:24:00 --> Session: Class initialized using 'CodeIgniter\Session\Handlers\FileHandler' driver.
DEBUG - 2025-02-03 09:24:02 --> Session: Class initialized using 'CodeIgniter\Session\Handlers\FileHandler' driver.
DEBUG - 2025-02-03 09:24:03 --> Session: Class initialized using 'CodeIgniter\Session\Handlers\FileHandler' driver.
DEBUG - 2025-02-03 09:24:06 --> Session: Class initialized using 'CodeIgniter\Session\Handlers\FileHandler' driver.
DEBUG - 2025-02-03 09:24:08 --> Session: Class initialized using 'CodeIgniter\Session\Handlers\FileHandler' driver.
DEBUG - 2025-02-03 09:24:09 --> Session: Class initialized using 'CodeIgniter\Session\Handlers\FileHandler' driver.
DEBUG - 2025-02-03 09:24:10 --> Session: Class initialized using 'CodeIgniter\Session\Handlers\FileHandler' driver.
DEBUG - 2025-02-03 09:24:26 --> Session: Class initialized using 'CodeIgniter\Session\Handlers\FileHandler' driver.
DEBUG - 2025-02-03 09:24:27 --> Session: Class initialized using 'CodeIgniter\Session\Handlers\FileHandler' driver.
CRITICAL - 2025-02-03 09:24:27 --> ErrorException: Undefined variable $sessionData
[Method: POST, Route: admin/update_edit_profile]
in APPPATH\Views\admin\dashboard.php on line 92.
 1 APPPATH\Views\admin\dashboard.php(92): CodeIgniter\Debug\Exceptions->errorHandler(2, 'Undefined variable $sessionData', 'E:\\xamp\\htdocs\\codigneter4\\app\\Views\\admin\\dashboard.php', 92)
 2 SYSTEMPATH\View\View.php(224): include('E:\\xamp\\htdocs\\codigneter4\\app\\Views\\admin\\dashboard.php')
 3 SYSTEMPATH\View\View.php(227): CodeIgniter\View\View->CodeIgniter\View\{closure}()
 4 SYSTEMPATH\Common.php(1173): CodeIgniter\View\View->render('admin/dashboard', [], true)
 5 APPPATH\Controllers\admin_con\AdminController.php(171): view('admin/dashboard')
 6 SYSTEMPATH\CodeIgniter.php(933): App\Controllers\admin_con\AdminController->update_edit_profile()
 7 SYSTEMPATH\CodeIgniter.php(507): CodeIgniter\CodeIgniter->runController(Object(App\Controllers\admin_con\AdminController))
 8 SYSTEMPATH\CodeIgniter.php(354): CodeIgniter\CodeIgniter->handleRequest(null, Object(Config\Cache), false)
 9 SYSTEMPATH\Boot.php(334): CodeIgniter\CodeIgniter->run()
10 SYSTEMPATH\Boot.php(67): CodeIgniter\Boot::runCodeIgniter(Object(CodeIgniter\CodeIgniter))
11 FCPATH\index.php(56): CodeIgniter\Boot::bootWeb(Object(Config\Paths))
DEBUG - 2025-02-03 09:24:34 --> Session: Class initialized using 'CodeIgniter\Session\Handlers\FileHandler' driver.
DEBUG - 2025-02-03 09:24:35 --> Session: Class initialized using 'CodeIgniter\Session\Handlers\FileHandler' driver.
DEBUG - 2025-02-03 09:24:39 --> Session: Class initialized using 'CodeIgniter\Session\Handlers\FileHandler' driver.
CRITICAL - 2025-02-03 09:24:39 --> ErrorException: Undefined variable $sessionData
[Method: POST, Route: admin/update_edit_profile]
in APPPATH\Views\admin\dashboard.php on line 92.
 1 APPPATH\Views\admin\dashboard.php(92): CodeIgniter\Debug\Exceptions->errorHandler(2, 'Undefined variable $sessionData', 'E:\\xamp\\htdocs\\codigneter4\\app\\Views\\admin\\dashboard.php', 92)
 2 SYSTEMPATH\View\View.php(224): include('E:\\xamp\\htdocs\\codigneter4\\app\\Views\\admin\\dashboard.php')
 3 SYSTEMPATH\View\View.php(227): CodeIgniter\View\View->CodeIgniter\View\{closure}()
 4 SYSTEMPATH\Common.php(1173): CodeIgniter\View\View->render('admin/dashboard', [], true)
 5 APPPATH\Controllers\admin_con\AdminController.php(171): view('admin/dashboard')
 6 SYSTEMPATH\CodeIgniter.php(933): App\Controllers\admin_con\AdminController->update_edit_profile()
 7 SYSTEMPATH\CodeIgniter.php(507): CodeIgniter\CodeIgniter->runController(Object(App\Controllers\admin_con\AdminController))
 8 SYSTEMPATH\CodeIgniter.php(354): CodeIgniter\CodeIgniter->handleRequest(null, Object(Config\Cache), false)
 9 SYSTEMPATH\Boot.php(334): CodeIgniter\CodeIgniter->run()
10 SYSTEMPATH\Boot.php(67): CodeIgniter\Boot::runCodeIgniter(Object(CodeIgniter\CodeIgniter))
11 FCPATH\index.php(56): CodeIgniter\Boot::bootWeb(Object(Config\Paths))
DEBUG - 2025-02-03 09:25:20 --> Session: Class initialized using 'CodeIgniter\Session\Handlers\FileHandler' driver.
DEBUG - 2025-02-03 09:25:21 --> Session: Class initialized using 'CodeIgniter\Session\Handlers\FileHandler' driver.
DEBUG - 2025-02-03 09:25:22 --> Session: Class initialized using 'CodeIgniter\Session\Handlers\FileHandler' driver.
DEBUG - 2025-02-03 09:25:24 --> Session: Class initialized using 'CodeIgniter\Session\Handlers\FileHandler' driver.
DEBUG - 2025-02-03 09:25:25 --> Session: Class initialized using 'CodeIgniter\Session\Handlers\FileHandler' driver.
CRITICAL - 2025-02-03 09:25:25 --> ErrorException: Undefined variable $sessionData
[Method: POST, Route: admin/update_edit_profile]
in APPPATH\Views\admin\dashboard.php on line 92.
 1 APPPATH\Views\admin\dashboard.php(92): CodeIgniter\Debug\Exceptions->errorHandler(2, 'Undefined variable $sessionData', 'E:\\xamp\\htdocs\\codigneter4\\app\\Views\\admin\\dashboard.php', 92)
 2 SYSTEMPATH\View\View.php(224): include('E:\\xamp\\htdocs\\codigneter4\\app\\Views\\admin\\dashboard.php')
 3 SYSTEMPATH\View\View.php(227): CodeIgniter\View\View->CodeIgniter\View\{closure}()
 4 SYSTEMPATH\Common.php(1173): CodeIgniter\View\View->render('admin/dashboard', [], true)
 5 APPPATH\Controllers\admin_con\AdminController.php(171): view('admin/dashboard')
 6 SYSTEMPATH\CodeIgniter.php(933): App\Controllers\admin_con\AdminController->update_edit_profile()
 7 SYSTEMPATH\CodeIgniter.php(507): CodeIgniter\CodeIgniter->runController(Object(App\Controllers\admin_con\AdminController))
 8 SYSTEMPATH\CodeIgniter.php(354): CodeIgniter\CodeIgniter->handleRequest(null, Object(Config\Cache), false)
 9 SYSTEMPATH\Boot.php(334): CodeIgniter\CodeIgniter->run()
10 SYSTEMPATH\Boot.php(67): CodeIgniter\Boot::runCodeIgniter(Object(CodeIgniter\CodeIgniter))
11 FCPATH\index.php(56): CodeIgniter\Boot::bootWeb(Object(Config\Paths))
DEBUG - 2025-02-03 09:25:41 --> Session: Class initialized using 'CodeIgniter\Session\Handlers\FileHandler' driver.
CRITICAL - 2025-02-03 09:25:41 --> ErrorException: Undefined variable $sessionData
[Method: POST, Route: admin/update_edit_profile]
in APPPATH\Views\admin\dashboard.php on line 92.
 1 APPPATH\Views\admin\dashboard.php(92): CodeIgniter\Debug\Exceptions->errorHandler(2, 'Undefined variable $sessionData', 'E:\\xamp\\htdocs\\codigneter4\\app\\Views\\admin\\dashboard.php', 92)
 2 SYSTEMPATH\View\View.php(224): include('E:\\xamp\\htdocs\\codigneter4\\app\\Views\\admin\\dashboard.php')
 3 SYSTEMPATH\View\View.php(227): CodeIgniter\View\View->CodeIgniter\View\{closure}()
 4 SYSTEMPATH\Common.php(1173): CodeIgniter\View\View->render('admin/dashboard', [], true)
 5 APPPATH\Controllers\admin_con\AdminController.php(172): view('admin/dashboard')
 6 SYSTEMPATH\CodeIgniter.php(933): App\Controllers\admin_con\AdminController->update_edit_profile()
 7 SYSTEMPATH\CodeIgniter.php(507): CodeIgniter\CodeIgniter->runController(Object(App\Controllers\admin_con\AdminController))
 8 SYSTEMPATH\CodeIgniter.php(354): CodeIgniter\CodeIgniter->handleRequest(null, Object(Config\Cache), false)
 9 SYSTEMPATH\Boot.php(334): CodeIgniter\CodeIgniter->run()
10 SYSTEMPATH\Boot.php(67): CodeIgniter\Boot::runCodeIgniter(Object(CodeIgniter\CodeIgniter))
11 FCPATH\index.php(56): CodeIgniter\Boot::bootWeb(Object(Config\Paths))
DEBUG - 2025-02-03 09:26:11 --> Session: Class initialized using 'CodeIgniter\Session\Handlers\FileHandler' driver.
DEBUG - 2025-02-03 09:26:20 --> Session: Class initialized using 'CodeIgniter\Session\Handlers\FileHandler' driver.
DEBUG - 2025-02-03 09:26:23 --> Session: Class initialized using 'CodeIgniter\Session\Handlers\FileHandler' driver.
DEBUG - 2025-02-03 09:26:50 --> Session: Class initialized using 'CodeIgniter\Session\Handlers\FileHandler' driver.
DEBUG - 2025-02-03 09:26:56 --> Session: Class initialized using 'CodeIgniter\Session\Handlers\FileHandler' driver.
DEBUG - 2025-02-03 09:26:59 --> Session: Class initialized using 'CodeIgniter\Session\Handlers\FileHandler' driver.
DEBUG - 2025-02-03 09:27:02 --> Session: Class initialized using 'CodeIgniter\Session\Handlers\FileHandler' driver.
DEBUG - 2025-02-03 09:29:36 --> Session: Class initialized using 'CodeIgniter\Session\Handlers\FileHandler' driver.
DEBUG - 2025-02-03 09:31:40 --> Session: Class initialized using 'CodeIgniter\Session\Handlers\FileHandler' driver.
DEBUG - 2025-02-03 09:31:43 --> Session: Class initialized using 'CodeIgniter\Session\Handlers\FileHandler' driver.
DEBUG - 2025-02-03 09:31:43 --> Session: Class initialized using 'CodeIgniter\Session\Handlers\FileHandler' driver.
