WARNING - 2025-03-13 10:37:40 --> [DEPRECATED] Creation of dynamic property App\Controllers\admin_con\Role::$db is deprecated in APPPATH\Controllers\admin_con\Role.php on line 35.
 1 SYSTEMPATH\CodeIgniter.php(903): App\Controllers\admin_con\Role->__construct()
 2 SYSTEMPATH\CodeIgniter.php(498): CodeIgniter\CodeIgniter->createController()
 3 SYSTEMPATH\CodeIgniter.php(354): CodeIgniter\CodeIgniter->handleRequest(null, Object(Config\Cache), false)
 4 SYSTEMPATH\Boot.php(334): CodeIgniter\CodeIgniter->run()
 5 SYSTEMPATH\Boot.php(67): CodeIgniter\Boot::runCodeIgniter(Object(CodeIgniter\CodeIgniter))
 6 FCPATH\index.php(56): CodeIgniter\Boot::bootWeb(Object(Config\Paths))
WARNING - 2025-03-13 10:37:40 --> [DEPRECATED] Creation of dynamic property App\Controllers\admin_con\Role::$crud is deprecated in APPPATH\Controllers\admin_con\Role.php on line 36.
 1 SYSTEMPATH\CodeIgniter.php(903): App\Controllers\admin_con\Role->__construct()
 2 SYSTEMPATH\CodeIgniter.php(498): CodeIgniter\CodeIgniter->createController()
 3 SYSTEMPATH\CodeIgniter.php(354): CodeIgniter\CodeIgniter->handleRequest(null, Object(Config\Cache), false)
 4 SYSTEMPATH\Boot.php(334): CodeIgniter\CodeIgniter->run()
 5 SYSTEMPATH\Boot.php(67): CodeIgniter\Boot::runCodeIgniter(Object(CodeIgniter\CodeIgniter))
 6 FCPATH\index.php(56): CodeIgniter\Boot::bootWeb(Object(Config\Paths))
DEBUG - 2025-03-13 10:37:40 --> Session: Class initialized using 'CodeIgniter\Session\Handlers\FileHandler' driver.
CRITICAL - 2025-03-13 10:37:40 --> Error: Cannot use object of type CodeIgniter\HTTP\RedirectResponse as array
[Method: GET, Route: admin/role]
in APPPATH\Helpers\custom_helper.php on line 231.
 1 APPPATH\Controllers\admin_con\Role.php(37): check_controller_access(0)
 2 SYSTEMPATH\CodeIgniter.php(903): App\Controllers\admin_con\Role->__construct()
 3 SYSTEMPATH\CodeIgniter.php(498): CodeIgniter\CodeIgniter->createController()
 4 SYSTEMPATH\CodeIgniter.php(354): CodeIgniter\CodeIgniter->handleRequest(null, Object(Config\Cache), false)
 5 SYSTEMPATH\Boot.php(334): CodeIgniter\CodeIgniter->run()
 6 SYSTEMPATH\Boot.php(67): CodeIgniter\Boot::runCodeIgniter(Object(CodeIgniter\CodeIgniter))
 7 FCPATH\index.php(56): CodeIgniter\Boot::bootWeb(Object(Config\Paths))
